{"content": {"suites": {"0": {"status": {"total_pass": 1, "total_skip": 0, "total_xpass": 0, "total_xfail": 0, "total_rerun": 0, "total_fail": 4, "total_error": 0}, "tests": {"0": {"status": "PASS", "message": "", "test_name": "test_kicking[hatest001]", "rerun": "0"}, "1": {"status": "FAIL", "message": "   selenium.common.exceptions.ElementClickInterceptedException: Message: element click intercepted: Element <div class=\"btn-shot\">...</div> is not clickable at point (600, 1044). Other element would receive the click: <div class=\"mob-menu_overlay close_overlay\"></div>\n     (Session info: chrome=103.0.5060.53)\n   Stacktrace:\n   0   chromedriver                        0x000000010ec87079 chromedriver + 4444281\n   1   chromedriver                        0x000000010ec13403 chromedriver + 3970051\n   2   chromedriver                        0x000000010e8ae038 chromedriver + 409656\n   3   chromedriver                        0x000000010e8eb9e5 chromedriver + 661989\n   4   chromedriver                        0x000000010e8e9593 chromedriver + 652691\n   5   chromedriver                        0x000000010e8e6c24 chromedriver + 642084\n   6   chromedriver                        0x000000010e8e5885 chromedriver + 637061\n   7   chromedriver                        0x000000010e8d96a9 chromedriver + 587433\n   8   chromedriver                        0x000000010e901792 chromedriver + 751506\n   9   chromedriver                        0x000000010e8d8f65 chromedriver + 585573\n   10  chromedriver                        0x000000010e90189e chromedriver + 751774\n   11  chromedriver                        0x000000010e914221 chromedriver + 827937\n   12  chromedriver                        0x000000010e901683 chromedriver + 751235\n   13  chromedriver                        0x000000010e8d7a45 chromedriver + 580165\n   14  chromedriver                        0x000000010e8d8a95 chromedriver + 584341\n   15  chromedriver                        0x000000010ec5855d chromedriver + 4253021\n   16  chromedriver                        0x000000010ec5d3a1 chromedriver + 4273057\n   17  chromedriver                        0x000000010ec6216f chromedriver + 4292975\n   18  chromedriver                        0x000000010ec5ddea chromedriver + 4275690\n   19  chromedriver                        0x000000010ec3754f chromedriver + 4117839\n   20  chromedriver                        0x000000010ec77ed8 chromedriver + 4382424\n   21  chromedriver                        0x000000010ec7805f chromedriver + 4382815\n   22  chromedriver                        0x000000010ec8e8d5 chromedriver + 4475093\n   23  libsystem_pthread.dylib             0x00007ff8008184e1 _pthread_start + 125\n   24  libsystem_pthread.dylib             0x00007ff800813f6b thread_start + 15\n", "test_name": "test_kicking[jacky666]", "rerun": "0"}, "2": {"status": "FAIL", "message": "   selenium.common.exceptions.ElementClickInterceptedException: Message: element click intercepted: Element <div class=\"btn-shot\">...</div> is not clickable at point (600, 1044). Other element would receive the click: <div class=\"mob-menu_overlay close_overlay\"></div>\n     (Session info: chrome=103.0.5060.53)\n   Stacktrace:\n   0   chromedriver                        0x000000010ec87079 chromedriver + 4444281\n   1   chromedriver                        0x000000010ec13403 chromedriver + 3970051\n   2   chromedriver                        0x000000010e8ae038 chromedriver + 409656\n   3   chromedriver                        0x000000010e8eb9e5 chromedriver + 661989\n   4   chromedriver                        0x000000010e8e9593 chromedriver + 652691\n   5   chromedriver                        0x000000010e8e6c24 chromedriver + 642084\n   6   chromedriver                        0x000000010e8e5885 chromedriver + 637061\n   7   chromedriver                        0x000000010e8d96a9 chromedriver + 587433\n   8   chromedriver                        0x000000010e901792 chromedriver + 751506\n   9   chromedriver                        0x000000010e8d8f65 chromedriver + 585573\n   10  chromedriver                        0x000000010e90189e chromedriver + 751774\n   11  chromedriver                        0x000000010e914221 chromedriver + 827937\n   12  chromedriver                        0x000000010e901683 chromedriver + 751235\n   13  chromedriver                        0x000000010e8d7a45 chromedriver + 580165\n   14  chromedriver                        0x000000010e8d8a95 chromedriver + 584341\n   15  chromedriver                        0x000000010ec5855d chromedriver + 4253021\n   16  chromedriver                        0x000000010ec5d3a1 chromedriver + 4273057\n   17  chromedriver                        0x000000010ec6216f chromedriver + 4292975\n   18  chromedriver                        0x000000010ec5ddea chromedriver + 4275690\n   19  chromedriver                        0x000000010ec3754f chromedriver + 4117839\n   20  chromedriver                        0x000000010ec77ed8 chromedriver + 4382424\n   21  chromedriver                        0x000000010ec7805f chromedriver + 4382815\n   22  chromedriver                        0x000000010ec8e8d5 chromedriver + 4475093\n   23  libsystem_pthread.dylib             0x00007ff8008184e1 _pthread_start + 125\n   24  libsystem_pthread.dylib             0x00007ff800813f6b thread_start + 15\n", "test_name": "test_kicking[jack]", "rerun": "0"}, "3": {"status": "FAIL", "message": "   selenium.common.exceptions.ElementClickInterceptedException: Message: element click intercepted: Element <div class=\"btn-shot\">...</div> is not clickable at point (600, 1044). Other element would receive the click: <div class=\"mob-menu_overlay close_overlay\"></div>\n     (Session info: chrome=103.0.5060.53)\n   Stacktrace:\n   0   chromedriver                        0x000000010ec87079 chromedriver + 4444281\n   1   chromedriver                        0x000000010ec13403 chromedriver + 3970051\n   2   chromedriver                        0x000000010e8ae038 chromedriver + 409656\n   3   chromedriver                        0x000000010e8eb9e5 chromedriver + 661989\n   4   chromedriver                        0x000000010e8e9593 chromedriver + 652691\n   5   chromedriver                        0x000000010e8e6c24 chromedriver + 642084\n   6   chromedriver                        0x000000010e8e5885 chromedriver + 637061\n   7   chromedriver                        0x000000010e8d96a9 chromedriver + 587433\n   8   chromedriver                        0x000000010e901792 chromedriver + 751506\n   9   chromedriver                        0x000000010e8d8f65 chromedriver + 585573\n   10  chromedriver                        0x000000010e90189e chromedriver + 751774\n   11  chromedriver                        0x000000010e914221 chromedriver + 827937\n   12  chromedriver                        0x000000010e901683 chromedriver + 751235\n   13  chromedriver                        0x000000010e8d7a45 chromedriver + 580165\n   14  chromedriver                        0x000000010e8d8a95 chromedriver + 584341\n   15  chromedriver                        0x000000010ec5855d chromedriver + 4253021\n   16  chromedriver                        0x000000010ec5d3a1 chromedriver + 4273057\n   17  chromedriver                        0x000000010ec6216f chromedriver + 4292975\n   18  chromedriver                        0x000000010ec5ddea chromedriver + 4275690\n   19  chromedriver                        0x000000010ec3754f chromedriver + 4117839\n   20  chromedriver                        0x000000010ec77ed8 chromedriver + 4382424\n   21  chromedriver                        0x000000010ec7805f chromedriver + 4382815\n   22  chromedriver                        0x000000010ec8e8d5 chromedriver + 4475093\n   23  libsystem_pthread.dylib             0x00007ff8008184e1 _pthread_start + 125\n   24  libsystem_pthread.dylib             0x00007ff800813f6b thread_start + 15\n", "test_name": "test_kicking[jay666]", "rerun": "0"}, "4": {"status": "FAIL", "message": "   selenium.common.exceptions.ElementClickInterceptedException: Message: element click intercepted: Element <div class=\"btn-shot\">...</div> is not clickable at point (600, 1044). Other element would receive the click: <div class=\"mob-menu_overlay close_overlay\"></div>\n     (Session info: chrome=103.0.5060.53)\n   Stacktrace:\n   0   chromedriver                        0x000000010ec87079 chromedriver + 4444281\n   1   chromedriver                        0x000000010ec13403 chromedriver + 3970051\n   2   chromedriver                        0x000000010e8ae038 chromedriver + 409656\n   3   chromedriver                        0x000000010e8eb9e5 chromedriver + 661989\n   4   chromedriver                        0x000000010e8e9593 chromedriver + 652691\n   5   chromedriver                        0x000000010e8e6c24 chromedriver + 642084\n   6   chromedriver                        0x000000010e8e5885 chromedriver + 637061\n   7   chromedriver                        0x000000010e8d96a9 chromedriver + 587433\n   8   chromedriver                        0x000000010e901792 chromedriver + 751506\n   9   chromedriver                        0x000000010e8d8f65 chromedriver + 585573\n   10  chromedriver                        0x000000010e90189e chromedriver + 751774\n   11  chromedriver                        0x000000010e914221 chromedriver + 827937\n   12  chromedriver                        0x000000010e901683 chromedriver + 751235\n   13  chromedriver                        0x000000010e8d7a45 chromedriver + 580165\n   14  chromedriver                        0x000000010e8d8a95 chromedriver + 584341\n   15  chromedriver                        0x000000010ec5855d chromedriver + 4253021\n   16  chromedriver                        0x000000010ec5d3a1 chromedriver + 4273057\n   17  chromedriver                        0x000000010ec6216f chromedriver + 4292975\n   18  chromedriver                        0x000000010ec5ddea chromedriver + 4275690\n   19  chromedriver                        0x000000010ec3754f chromedriver + 4117839\n   20  chromedriver                        0x000000010ec77ed8 chromedriver + 4382424\n   21  chromedriver                        0x000000010ec7805f chromedriver + 4382815\n   22  chromedriver                        0x000000010ec8e8d5 chromedriver + 4475093\n   23  libsystem_pthread.dylib             0x00007ff8008184e1 _pthread_start + 125\n   24  libsystem_pthread.dylib             0x00007ff800813f6b thread_start + 15\n", "test_name": "test_kicking[rotana12]", "rerun": "0"}}, "suite_name": "test_halo_game.py"}}}, "date": "October 28, 2022", "start_time": 1666924653.0633621, "total_suite": 1, "status": "FAIL", "status_list": {"pass": "1", "fail": "4", "skip": "0", "error": "0", "xpass": "0", "xfail": "0", "rerun": "0"}, "total_tests": "5"}