{"content": {"suites": {"0": {"status": {"total_pass": 3, "total_skip": 0, "total_xpass": 0, "total_xfail": 0, "total_rerun": 0, "total_fail": 4, "total_error": 1}, "tests": {"0": {"status": "PASS", "message": "", "test_name": "test_user_guess[a1578]", "rerun": "0"}, "1": {"status": "FAIL", "message": "   selenium.common.exceptions.TimeoutException: Message: \n   Stacktrace:\n   0   chromedriver                        0x000000010fa9b079 chromedriver + 4444281\n   1   chromedriver                        0x000000010fa27403 chromedriver + 3970051\n   2   chromedriver                        0x000000010f6c2038 chromedriver + 409656\n   3   chromedriver                        0x000000010f6f82fd chromedriver + 631549\n   4   chromedriver                        0x000000010f6f8581 chromedriver + 632193\n   5   chromedriver                        0x000000010f72a4f4 chromedriver + 836852\n   6   chromedriver                        0x000000010f7157bd chromedriver + 751549\n   7   chromedriver                        0x000000010f728221 chromedriver + 827937\n   8   chromedriver                        0x000000010f715683 chromedriver + 751235\n   9   chromedriver                        0x000000010f6eba45 chromedriver + 580165\n   10  chromedriver                        0x000000010f6eca95 chromedriver + 584341\n   11  chromedriver                        0x000000010fa6c55d chromedriver + 4253021\n   12  chromedriver                        0x000000010fa713a1 chromedriver + 4273057\n   13  chromedriver                        0x000000010fa7616f chromedriver + 4292975\n   14  chromedriver                        0x000000010fa71dea chromedriver + 4275690\n   15  chromedriver                        0x000000010fa4b54f chromedriver + 4117839\n   16  chromedriver                        0x000000010fa8bed8 chromedriver + 4382424\n   17  chromedriver                        0x000000010fa8c05f chromedriver + 4382815\n   18  chromedriver                        0x000000010faa28d5 chromedriver + 4475093\n   19  libsystem_pthread.dylib             0x00007ff81e8174e1 _pthread_start + 125\n   20  libsystem_pthread.dylib             0x00007ff81e812f6b thread_start + 15\n", "test_name": "test_user_guess[zhulong222]", "rerun": "0"}, "2": {"status": "PASS", "message": "", "test_name": "test_user_guess[112121]", "rerun": "0"}, "3": {"status": "ERROR", "message": "driver = <common.wc_web.wc_web object at 0x125d33fd0>, request = <SubRequest 'game_page' for <Function test_user_guess[gongping123]>>\n\n    @pytest.fixture(scope='function',params = test_account)\n    def game_page(driver,request):\n    \tdriver.login_flow()\n>   \tdriver.send_accounts(request.param)\n\ntest_guess_sign_in.py:20: \n_ _ _ _ _ _ _ _ _ _ _ _ _ _ _ _ _ _ _ _ _ _ _ _ _ _ _ _ _ _ _ _ _ _ _ _ _ _ _ _ _ _ _ _ _ _ _ _ _ _ _ _ _ _ _ _ _ _ _ _ _ _ _ _ _ _ _ _ _ _ _ _ _ _ _ _ _ _ _ _ _ _ _ _ _ _ _ _ _ _ _ _ _ _ _ _ _ _ _ _ _ _ _ _\n../common/web.py:98: in send_accounts\n    account_input = self.waiter.until(EC.visibility_of_element_located((By.ID, \"username\")))\n_ _ _ _ _ _ _ _ _ _ _ _ _ _ _ _ _ _ _ _ _ _ _ _ _ _ _ _ _ _ _ _ _ _ _ _ _ _ _ _ _ _ _ _ _ _ _ _ _ _ _ _ _ _ _ _ _ _ _ _ _ _ _ _ _ _ _ _ _ _ _ _ _ _ _ _ _ _ _ _ _ _ _ _ _ _ _ _ _ _ _ _ _ _ _ _ _ _ _ _ _ _ _ _\n\nself = <selenium.webdriver.support.wait.WebDriverWait (session=\"2aef7d34a068222d55edf0c8c627709c\")>, method = <function visibility_of_element_located.<locals>._predicate at 0x10cd83d90>, message = ''\n\n    def until(self, method, message=''):\n        \"\"\"Calls the method provided with the driver as an argument until the \\\n        return value does not evaluate to ``False``.\n    \n        :param method: callable(WebDriver)\n        :param message: optional message for :exc:`TimeoutException`\n        :returns: the result of the last call to `method`\n        :raises: :exc:`selenium.common.exceptions.TimeoutException` if timeout occurs\n        \"\"\"\n        screen = None\n        stacktrace = None\n    \n        end_time = time.time() + self._timeout\n        while True:\n            try:\n                value = method(self._driver)\n                if value:\n                    return value\n            except InvalidSelectorException as e:\n                raise e\n            except self._ignored_exceptions as exc:\n                screen = getattr(exc, 'screen', None)\n                stacktrace = getattr(exc, 'stacktrace', None)\n            time.sleep(self._poll)\n            if time.time() > end_time:\n                break\n>       raise TimeoutException(message, screen, stacktrace)\nE       selenium.common.exceptions.TimeoutException: Message: \nE       Stacktrace:\nE       0   chromedriver                        0x000000010fa9b079 chromedriver + 4444281\nE       1   chromedriver                        0x000000010fa27403 chromedriver + 3970051\nE       2   chromedriver                        0x000000010f6c2038 chromedriver + 409656\nE       3   chromedriver                        0x000000010f6f82fd chromedriver + 631549\nE       4   chromedriver                        0x000000010f6f8581 chromedriver + 632193\nE       5   chromedriver                        0x000000010f72a4f4 chromedriver + 836852\nE       6   chromedriver                        0x000000010f7157bd chromedriver + 751549\nE       7   chromedriver                        0x000000010f728221 chromedriver + 827937\nE       8   chromedriver                        0x000000010f715683 chromedriver + 751235\nE       9   chromedriver                        0x000000010f6eba45 chromedriver + 580165\nE       10  chromedriver                        0x000000010f6eca95 chromedriver + 584341\nE       11  chromedriver                        0x000000010fa6c55d chromedriver + 4253021\nE       12  chromedriver                        0x000000010fa713a1 chromedriver + 4273057\nE       13  chromedriver                        0x000000010fa7616f chromedriver + 4292975\nE       14  chromedriver                        0x000000010fa71dea chromedriver + 4275690\nE       15  chromedriver                        0x000000010fa4b54f chromedriver + 4117839\nE       16  chromedriver                        0x000000010fa8bed8 chromedriver + 4382424\nE       17  chromedriver                        0x000000010fa8c05f chromedriver + 4382815\nE       18  chromedriver                        0x000000010faa28d5 chromedriver + 4475093\nE       19  libsystem_pthread.dylib             0x00007ff81e8174e1 _pthread_start + 125\nE       20  libsystem_pthread.dylib             0x00007ff81e812f6b thread_start + 15\n\n/Library/Frameworks/Python.framework/Versions/3.10/lib/python3.10/site-packages/selenium/webdriver/support/wait.py:89: TimeoutException\n", "test_name": "test_user_guess[gongping123]", "rerun": "0"}, "4": {"status": "FAIL", "message": "   selenium.common.exceptions.TimeoutException: Message: \n   Stacktrace:\n   0   chromedriver                        0x000000010fa9b079 chromedriver + 4444281\n   1   chromedriver                        0x000000010fa27403 chromedriver + 3970051\n   2   chromedriver                        0x000000010f6c2038 chromedriver + 409656\n   3   chromedriver                        0x000000010f6f82fd chromedriver + 631549\n   4   chromedriver                        0x000000010f6f8581 chromedriver + 632193\n   5   chromedriver                        0x000000010f72a4f4 chromedriver + 836852\n   6   chromedriver                        0x000000010f7157bd chromedriver + 751549\n   7   chromedriver                        0x000000010f728221 chromedriver + 827937\n   8   chromedriver                        0x000000010f715683 chromedriver + 751235\n   9   chromedriver                        0x000000010f6eba45 chromedriver + 580165\n   10  chromedriver                        0x000000010f6eca95 chromedriver + 584341\n   11  chromedriver                        0x000000010fa6c55d chromedriver + 4253021\n   12  chromedriver                        0x000000010fa713a1 chromedriver + 4273057\n   13  chromedriver                        0x000000010fa7616f chromedriver + 4292975\n   14  chromedriver                        0x000000010fa71dea chromedriver + 4275690\n   15  chromedriver                        0x000000010fa4b54f chromedriver + 4117839\n   16  chromedriver                        0x000000010fa8bed8 chromedriver + 4382424\n   17  chromedriver                        0x000000010fa8c05f chromedriver + 4382815\n   18  chromedriver                        0x000000010faa28d5 chromedriver + 4475093\n   19  libsystem_pthread.dylib             0x00007ff81e8174e1 _pthread_start + 125\n   20  libsystem_pthread.dylib             0x00007ff81e812f6b thread_start + 15\n", "test_name": "test_user_guess[mlk0533]", "rerun": "0"}, "5": {"status": "FAIL", "message": "   selenium.common.exceptions.TimeoutException: Message: \n   Stacktrace:\n   0   chromedriver                        0x000000010fa9b079 chromedriver + 4444281\n   1   chromedriver                        0x000000010fa27403 chromedriver + 3970051\n   2   chromedriver                        0x000000010f6c2038 chromedriver + 409656\n   3   chromedriver                        0x000000010f6f82fd chromedriver + 631549\n   4   chromedriver                        0x000000010f6f8581 chromedriver + 632193\n   5   chromedriver                        0x000000010f72a4f4 chromedriver + 836852\n   6   chromedriver                        0x000000010f7157bd chromedriver + 751549\n   7   chromedriver                        0x000000010f728221 chromedriver + 827937\n   8   chromedriver                        0x000000010f715683 chromedriver + 751235\n   9   chromedriver                        0x000000010f6eba45 chromedriver + 580165\n   10  chromedriver                        0x000000010f6eca95 chromedriver + 584341\n   11  chromedriver                        0x000000010fa6c55d chromedriver + 4253021\n   12  chromedriver                        0x000000010fa713a1 chromedriver + 4273057\n   13  chromedriver                        0x000000010fa7616f chromedriver + 4292975\n   14  chromedriver                        0x000000010fa71dea chromedriver + 4275690\n   15  chromedriver                        0x000000010fa4b54f chromedriver + 4117839\n   16  chromedriver                        0x000000010fa8bed8 chromedriver + 4382424\n   17  chromedriver                        0x000000010fa8c05f chromedriver + 4382815\n   18  chromedriver                        0x000000010faa28d5 chromedriver + 4475093\n   19  libsystem_pthread.dylib             0x00007ff81e8174e1 _pthread_start + 125\n   20  libsystem_pthread.dylib             0x00007ff81e812f6b thread_start + 15\n", "test_name": "test_user_guess[qqbbaiwo0624]", "rerun": "0"}, "6": {"status": "FAIL", "message": "   selenium.common.exceptions.TimeoutException: Message: \n   Stacktrace:\n   0   chromedriver                        0x000000010fa9b079 chromedriver + 4444281\n   1   chromedriver                        0x000000010fa27403 chromedriver + 3970051\n   2   chromedriver                        0x000000010f6c2038 chromedriver + 409656\n   3   chromedriver                        0x000000010f6f82fd chromedriver + 631549\n   4   chromedriver                        0x000000010f6f8581 chromedriver + 632193\n   5   chromedriver                        0x000000010f72a4f4 chromedriver + 836852\n   6   chromedriver                        0x000000010f7157bd chromedriver + 751549\n   7   chromedriver                        0x000000010f728221 chromedriver + 827937\n   8   chromedriver                        0x000000010f715683 chromedriver + 751235\n   9   chromedriver                        0x000000010f6eba45 chromedriver + 580165\n   10  chromedriver                        0x000000010f6eca95 chromedriver + 584341\n   11  chromedriver                        0x000000010fa6c55d chromedriver + 4253021\n   12  chromedriver                        0x000000010fa713a1 chromedriver + 4273057\n   13  chromedriver                        0x000000010fa7616f chromedriver + 4292975\n   14  chromedriver                        0x000000010fa71dea chromedriver + 4275690\n   15  chromedriver                        0x000000010fa4b54f chromedriver + 4117839\n   16  chromedriver                        0x000000010fa8bed8 chromedriver + 4382424\n   17  chromedriver                        0x000000010fa8c05f chromedriver + 4382815\n   18  chromedriver                        0x000000010faa28d5 chromedriver + 4475093\n   19  libsystem_pthread.dylib             0x00007ff81e8174e1 _pthread_start + 125\n   20  libsystem_pthread.dylib             0x00007ff81e812f6b thread_start + 15\n", "test_name": "test_user_guess[deng35741859]", "rerun": "0"}, "7": {"status": "PASS", "message": "", "test_name": "test_user_guess[liumeili88]", "rerun": "0"}}, "suite_name": "test_guess_sign_in.py"}}}, "date": "October 13, 2022", "start_time": 1665649188.799635, "total_suite": 1, "status": "FAIL", "status_list": {"pass": "3", "fail": "4", "skip": "0", "error": "1", "xpass": "0", "xfail": "0", "rerun": "0"}, "total_tests": "8"}