{"content": {"suites": {"0": {"status": {"total_pass": 56, "total_skip": 0, "total_xpass": 0, "total_xfail": 0, "total_rerun": 0, "total_fail": 13, "total_error": 14}, "tests": {"0": {"status": "PASS", "message": "", "test_name": "test_user_guess[jerlad]", "rerun": "0"}, "1": {"status": "PASS", "message": "", "test_name": "test_user_guess[cxl2022]", "rerun": "0"}, "2": {"status": "PASS", "message": "", "test_name": "test_user_guess[hjb1898]", "rerun": "0"}, "3": {"status": "FAIL", "message": "   selenium.common.exceptions.TimeoutException: Message: \n   Stacktrace:\n   0   chromedriver                        0x000000010c7cb079 chromedriver + 4444281\n   1   chromedriver                        0x000000010c757403 chromedriver + 3970051\n   2   chromedriver                        0x000000010c3f2038 chromedriver + 409656\n   3   chromedriver                        0x000000010c4282fd chromedriver + 631549\n   4   chromedriver                        0x000000010c428581 chromedriver + 632193\n   5   chromedriver                        0x000000010c45a4f4 chromedriver + 836852\n   6   chromedriver                        0x000000010c4457bd chromedriver + 751549\n   7   chromedriver                        0x000000010c458221 chromedriver + 827937\n   8   chromedriver                        0x000000010c445683 chromedriver + 751235\n   9   chromedriver                        0x000000010c41ba45 chromedriver + 580165\n   10  chromedriver                        0x000000010c41ca95 chromedriver + 584341\n   11  chromedriver                        0x000000010c79c55d chromedriver + 4253021\n   12  chromedriver                        0x000000010c7a13a1 chromedriver + 4273057\n   13  chromedriver                        0x000000010c7a616f chromedriver + 4292975\n   14  chromedriver                        0x000000010c7a1dea chromedriver + 4275690\n   15  chromedriver                        0x000000010c77b54f chromedriver + 4117839\n   16  chromedriver                        0x000000010c7bbed8 chromedriver + 4382424\n   17  chromedriver                        0x000000010c7bc05f chromedriver + 4382815\n   18  chromedriver                        0x000000010c7d28d5 chromedriver + 4475093\n   19  libsystem_pthread.dylib             0x00007ff81e8174e1 _pthread_start + 125\n   20  libsystem_pthread.dylib             0x00007ff81e812f6b thread_start + 15\n", "test_name": "test_user_guess[klfly]", "rerun": "0"}, "4": {"status": "PASS", "message": "", "test_name": "test_user_guess[zwb891]", "rerun": "0"}, "5": {"status": "ERROR", "message": "driver = <common.wc_web.wc_web object at 0x1243a85e0>, request = <SubRequest 'game_page' for <Function test_user_guess[ma123123]>>\n\n    @pytest.fixture(scope='function',params = test_account)\n    def game_page(driver,request):\n    \tdriver.login_flow()\n>   \tdriver.send_accounts(request.param)\n\ntest_guess_sign_in.py:20: \n_ _ _ _ _ _ _ _ _ _ _ _ _ _ _ _ _ _ _ _ _ _ _ _ _ _ _ _ _ _ _ _ _ _ _ _ _ _ _ _ _ _ _ _ _ _ _ _ _ _ _ _ _ _ _ _ _ _ _ _ _ _ _ _ _ _ _ _ _ _ _ _ _ _ _ _ _ _ _ _ _ _ _ _ _ _ _ _ _ _ _ _ _ _ _ _ _ _ _ _ _ _ _ _ _ _ _ _ _ _ _ _ _\n../common/web.py:98: in send_accounts\n    account_input = self.waiter.until(EC.visibility_of_element_located((By.ID, \"username\")))\n_ _ _ _ _ _ _ _ _ _ _ _ _ _ _ _ _ _ _ _ _ _ _ _ _ _ _ _ _ _ _ _ _ _ _ _ _ _ _ _ _ _ _ _ _ _ _ _ _ _ _ _ _ _ _ _ _ _ _ _ _ _ _ _ _ _ _ _ _ _ _ _ _ _ _ _ _ _ _ _ _ _ _ _ _ _ _ _ _ _ _ _ _ _ _ _ _ _ _ _ _ _ _ _ _ _ _ _ _ _ _ _ _\n\nself = <selenium.webdriver.support.wait.WebDriverWait (session=\"d6fcc1b451b3c9532775a4f7072b9619\")>, method = <function visibility_of_element_located.<locals>._predicate at 0x11f3c4af0>, message = ''\n\n    def until(self, method, message=''):\n        \"\"\"Calls the method provided with the driver as an argument until the \\\n        return value does not evaluate to ``False``.\n    \n        :param method: callable(WebDriver)\n        :param message: optional message for :exc:`TimeoutException`\n        :returns: the result of the last call to `method`\n        :raises: :exc:`selenium.common.exceptions.TimeoutException` if timeout occurs\n        \"\"\"\n        screen = None\n        stacktrace = None\n    \n        end_time = time.time() + self._timeout\n        while True:\n            try:\n                value = method(self._driver)\n                if value:\n                    return value\n            except InvalidSelectorException as e:\n                raise e\n            except self._ignored_exceptions as exc:\n                screen = getattr(exc, 'screen', None)\n                stacktrace = getattr(exc, 'stacktrace', None)\n            time.sleep(self._poll)\n            if time.time() > end_time:\n                break\n>       raise TimeoutException(message, screen, stacktrace)\nE       selenium.common.exceptions.TimeoutException: Message: \nE       Stacktrace:\nE       0   chromedriver                        0x000000010c7cb079 chromedriver + 4444281\nE       1   chromedriver                        0x000000010c757403 chromedriver + 3970051\nE       2   chromedriver                        0x000000010c3f2038 chromedriver + 409656\nE       3   chromedriver                        0x000000010c4282fd chromedriver + 631549\nE       4   chromedriver                        0x000000010c428581 chromedriver + 632193\nE       5   chromedriver                        0x000000010c45a4f4 chromedriver + 836852\nE       6   chromedriver                        0x000000010c4457bd chromedriver + 751549\nE       7   chromedriver                        0x000000010c458221 chromedriver + 827937\nE       8   chromedriver                        0x000000010c445683 chromedriver + 751235\nE       9   chromedriver                        0x000000010c41ba45 chromedriver + 580165\nE       10  chromedriver                        0x000000010c41ca95 chromedriver + 584341\nE       11  chromedriver                        0x000000010c79c55d chromedriver + 4253021\nE       12  chromedriver                        0x000000010c7a13a1 chromedriver + 4273057\nE       13  chromedriver                        0x000000010c7a616f chromedriver + 4292975\nE       14  chromedriver                        0x000000010c7a1dea chromedriver + 4275690\nE       15  chromedriver                        0x000000010c77b54f chromedriver + 4117839\nE       16  chromedriver                        0x000000010c7bbed8 chromedriver + 4382424\nE       17  chromedriver                        0x000000010c7bc05f chromedriver + 4382815\nE       18  chromedriver                        0x000000010c7d28d5 chromedriver + 4475093\nE       19  libsystem_pthread.dylib             0x00007ff81e8174e1 _pthread_start + 125\nE       20  libsystem_pthread.dylib             0x00007ff81e812f6b thread_start + 15\n\n/Library/Frameworks/Python.framework/Versions/3.10/lib/python3.10/site-packages/selenium/webdriver/support/wait.py:89: TimeoutException\n", "test_name": "test_user_guess[ma123123]", "rerun": "0"}, "6": {"status": "PASS", "message": "", "test_name": "test_user_guess[plum79]", "rerun": "0"}, "7": {"status": "PASS", "message": "", "test_name": "test_user_guess[zhou0793]", "rerun": "0"}, "8": {"status": "PASS", "message": "", "test_name": "test_user_guess[choudana3]", "rerun": "0"}, "9": {"status": "PASS", "message": "", "test_name": "test_user_guess[manday444]", "rerun": "0"}, "10": {"status": "PASS", "message": "", "test_name": "test_user_guess[173042830]", "rerun": "0"}, "11": {"status": "ERROR", "message": "driver = <common.wc_web.wc_web object at 0x1243a85e0>, request = <SubRequest 'game_page' for <Function test_user_guess[152191hwb]>>\n\n    @pytest.fixture(scope='function',params = test_account)\n    def game_page(driver,request):\n    \tdriver.login_flow()\n>   \tdriver.send_accounts(request.param)\n\ntest_guess_sign_in.py:20: \n_ _ _ _ _ _ _ _ _ _ _ _ _ _ _ _ _ _ _ _ _ _ _ _ _ _ _ _ _ _ _ _ _ _ _ _ _ _ _ _ _ _ _ _ _ _ _ _ _ _ _ _ _ _ _ _ _ _ _ _ _ _ _ _ _ _ _ _ _ _ _ _ _ _ _ _ _ _ _ _ _ _ _ _ _ _ _ _ _ _ _ _ _ _ _ _ _ _ _ _ _ _ _ _\n../common/web.py:98: in send_accounts\n    account_input = self.waiter.until(EC.visibility_of_element_located((By.ID, \"username\")))\n_ _ _ _ _ _ _ _ _ _ _ _ _ _ _ _ _ _ _ _ _ _ _ _ _ _ _ _ _ _ _ _ _ _ _ _ _ _ _ _ _ _ _ _ _ _ _ _ _ _ _ _ _ _ _ _ _ _ _ _ _ _ _ _ _ _ _ _ _ _ _ _ _ _ _ _ _ _ _ _ _ _ _ _ _ _ _ _ _ _ _ _ _ _ _ _ _ _ _ _ _ _ _ _\n\nself = <selenium.webdriver.support.wait.WebDriverWait (session=\"d6fcc1b451b3c9532775a4f7072b9619\")>, method = <function visibility_of_element_located.<locals>._predicate at 0x11f3c4f70>, message = ''\n\n    def until(self, method, message=''):\n        \"\"\"Calls the method provided with the driver as an argument until the \\\n        return value does not evaluate to ``False``.\n    \n        :param method: callable(WebDriver)\n        :param message: optional message for :exc:`TimeoutException`\n        :returns: the result of the last call to `method`\n        :raises: :exc:`selenium.common.exceptions.TimeoutException` if timeout occurs\n        \"\"\"\n        screen = None\n        stacktrace = None\n    \n        end_time = time.time() + self._timeout\n        while True:\n            try:\n                value = method(self._driver)\n                if value:\n                    return value\n            except InvalidSelectorException as e:\n                raise e\n            except self._ignored_exceptions as exc:\n                screen = getattr(exc, 'screen', None)\n                stacktrace = getattr(exc, 'stacktrace', None)\n            time.sleep(self._poll)\n            if time.time() > end_time:\n                break\n>       raise TimeoutException(message, screen, stacktrace)\nE       selenium.common.exceptions.TimeoutException: Message: \nE       Stacktrace:\nE       0   chromedriver                        0x000000010c7cb079 chromedriver + 4444281\nE       1   chromedriver                        0x000000010c757403 chromedriver + 3970051\nE       2   chromedriver                        0x000000010c3f2038 chromedriver + 409656\nE       3   chromedriver                        0x000000010c4282fd chromedriver + 631549\nE       4   chromedriver                        0x000000010c428581 chromedriver + 632193\nE       5   chromedriver                        0x000000010c45a4f4 chromedriver + 836852\nE       6   chromedriver                        0x000000010c4457bd chromedriver + 751549\nE       7   chromedriver                        0x000000010c458221 chromedriver + 827937\nE       8   chromedriver                        0x000000010c445683 chromedriver + 751235\nE       9   chromedriver                        0x000000010c41ba45 chromedriver + 580165\nE       10  chromedriver                        0x000000010c41ca95 chromedriver + 584341\nE       11  chromedriver                        0x000000010c79c55d chromedriver + 4253021\nE       12  chromedriver                        0x000000010c7a13a1 chromedriver + 4273057\nE       13  chromedriver                        0x000000010c7a616f chromedriver + 4292975\nE       14  chromedriver                        0x000000010c7a1dea chromedriver + 4275690\nE       15  chromedriver                        0x000000010c77b54f chromedriver + 4117839\nE       16  chromedriver                        0x000000010c7bbed8 chromedriver + 4382424\nE       17  chromedriver                        0x000000010c7bc05f chromedriver + 4382815\nE       18  chromedriver                        0x000000010c7d28d5 chromedriver + 4475093\nE       19  libsystem_pthread.dylib             0x00007ff81e8174e1 _pthread_start + 125\nE       20  libsystem_pthread.dylib             0x00007ff81e812f6b thread_start + 15\n\n/Library/Frameworks/Python.framework/Versions/3.10/lib/python3.10/site-packages/selenium/webdriver/support/wait.py:89: TimeoutException\n", "test_name": "test_user_guess[152191hwb]", "rerun": "0"}, "12": {"status": "PASS", "message": "", "test_name": "test_user_guess[jimaoqiang]", "rerun": "0"}, "13": {"status": "PASS", "message": "", "test_name": "test_user_guess[candyxia]", "rerun": "0"}, "14": {"status": "ERROR", "message": "driver = <common.wc_web.wc_web object at 0x1243a85e0>, request = <SubRequest 'game_page' for <Function test_user_guess[sunying2015]>>\n\n    @pytest.fixture(scope='function',params = test_account)\n    def game_page(driver,request):\n    \tdriver.login_flow()\n>   \tdriver.send_accounts(request.param)\n\ntest_guess_sign_in.py:20: \n_ _ _ _ _ _ _ _ _ _ _ _ _ _ _ _ _ _ _ _ _ _ _ _ _ _ _ _ _ _ _ _ _ _ _ _ _ _ _ _ _ _ _ _ _ _ _ _ _ _ _ _ _ _ _ _ _ _ _ _ _ _ _ _ _ _ _ _ _ _ _ _ _ _ _ _ _ _ _ _ _ _ _ _ _ _ _ _ _ _ _ _ _ _ _ _ _ _ _ _ _ _ _ _\n../common/web.py:98: in send_accounts\n    account_input = self.waiter.until(EC.visibility_of_element_located((By.ID, \"username\")))\n_ _ _ _ _ _ _ _ _ _ _ _ _ _ _ _ _ _ _ _ _ _ _ _ _ _ _ _ _ _ _ _ _ _ _ _ _ _ _ _ _ _ _ _ _ _ _ _ _ _ _ _ _ _ _ _ _ _ _ _ _ _ _ _ _ _ _ _ _ _ _ _ _ _ _ _ _ _ _ _ _ _ _ _ _ _ _ _ _ _ _ _ _ _ _ _ _ _ _ _ _ _ _ _\n\nself = <selenium.webdriver.support.wait.WebDriverWait (session=\"d6fcc1b451b3c9532775a4f7072b9619\")>, method = <function visibility_of_element_located.<locals>._predicate at 0x11f3c4ca0>, message = ''\n\n    def until(self, method, message=''):\n        \"\"\"Calls the method provided with the driver as an argument until the \\\n        return value does not evaluate to ``False``.\n    \n        :param method: callable(WebDriver)\n        :param message: optional message for :exc:`TimeoutException`\n        :returns: the result of the last call to `method`\n        :raises: :exc:`selenium.common.exceptions.TimeoutException` if timeout occurs\n        \"\"\"\n        screen = None\n        stacktrace = None\n    \n        end_time = time.time() + self._timeout\n        while True:\n            try:\n                value = method(self._driver)\n                if value:\n                    return value\n            except InvalidSelectorException as e:\n                raise e\n            except self._ignored_exceptions as exc:\n                screen = getattr(exc, 'screen', None)\n                stacktrace = getattr(exc, 'stacktrace', None)\n            time.sleep(self._poll)\n            if time.time() > end_time:\n                break\n>       raise TimeoutException(message, screen, stacktrace)\nE       selenium.common.exceptions.TimeoutException: Message: \nE       Stacktrace:\nE       0   chromedriver                        0x000000010c7cb079 chromedriver + 4444281\nE       1   chromedriver                        0x000000010c757403 chromedriver + 3970051\nE       2   chromedriver                        0x000000010c3f2038 chromedriver + 409656\nE       3   chromedriver                        0x000000010c4282fd chromedriver + 631549\nE       4   chromedriver                        0x000000010c428581 chromedriver + 632193\nE       5   chromedriver                        0x000000010c45a4f4 chromedriver + 836852\nE       6   chromedriver                        0x000000010c4457bd chromedriver + 751549\nE       7   chromedriver                        0x000000010c458221 chromedriver + 827937\nE       8   chromedriver                        0x000000010c445683 chromedriver + 751235\nE       9   chromedriver                        0x000000010c41ba45 chromedriver + 580165\nE       10  chromedriver                        0x000000010c41ca95 chromedriver + 584341\nE       11  chromedriver                        0x000000010c79c55d chromedriver + 4253021\nE       12  chromedriver                        0x000000010c7a13a1 chromedriver + 4273057\nE       13  chromedriver                        0x000000010c7a616f chromedriver + 4292975\nE       14  chromedriver                        0x000000010c7a1dea chromedriver + 4275690\nE       15  chromedriver                        0x000000010c77b54f chromedriver + 4117839\nE       16  chromedriver                        0x000000010c7bbed8 chromedriver + 4382424\nE       17  chromedriver                        0x000000010c7bc05f chromedriver + 4382815\nE       18  chromedriver                        0x000000010c7d28d5 chromedriver + 4475093\nE       19  libsystem_pthread.dylib             0x00007ff81e8174e1 _pthread_start + 125\nE       20  libsystem_pthread.dylib             0x00007ff81e812f6b thread_start + 15\n\n/Library/Frameworks/Python.framework/Versions/3.10/lib/python3.10/site-packages/selenium/webdriver/support/wait.py:89: TimeoutException\n", "test_name": "test_user_guess[sunying2015]", "rerun": "0"}, "15": {"status": "PASS", "message": "", "test_name": "test_user_guess[petersheng]", "rerun": "0"}, "16": {"status": "FAIL", "message": "   selenium.common.exceptions.StaleElementReferenceException: Message: stale element reference: element is not attached to the page document\n     (Session info: chrome=103.0.5060.53)\n   Stacktrace:\n   0   chromedriver                        0x000000010c7cb079 chromedriver + 4444281\n   1   chromedriver                        0x000000010c757403 chromedriver + 3970051\n   2   chromedriver                        0x000000010c3f2038 chromedriver + 409656\n   3   chromedriver                        0x000000010c3f4ee7 chromedriver + 421607\n   4   chromedriver                        0x000000010c3f4d86 chromedriver + 421254\n   5   chromedriver                        0x000000010c3f504c chromedriver + 421964\n   6   chromedriver                        0x000000010c42cf33 chromedriver + 651059\n   7   chromedriver                        0x000000010c42ac24 chromedriver + 642084\n   8   chromedriver                        0x000000010c429885 chromedriver + 637061\n   9   chromedriver                        0x000000010c41d6a9 chromedriver + 587433\n   10  chromedriver                        0x000000010c445792 chromedriver + 751506\n   11  chromedriver                        0x000000010c41cf65 chromedriver + 585573\n   12  chromedriver                        0x000000010c44589e chromedriver + 751774\n   13  chromedriver                        0x000000010c458221 chromedriver + 827937\n   14  chromedriver                        0x000000010c445683 chromedriver + 751235\n   15  chromedriver                        0x000000010c41ba45 chromedriver + 580165\n   16  chromedriver                        0x000000010c41ca95 chromedriver + 584341\n   17  chromedriver                        0x000000010c79c55d chromedriver + 4253021\n   18  chromedriver                        0x000000010c7a13a1 chromedriver + 4273057\n   19  chromedriver                        0x000000010c7a616f chromedriver + 4292975\n   20  chromedriver                        0x000000010c7a1dea chromedriver + 4275690\n   21  chromedriver                        0x000000010c77b54f chromedriver + 4117839\n   22  chromedriver                        0x000000010c7bbed8 chromedriver + 4382424\n   23  chromedriver                        0x000000010c7bc05f chromedriver + 4382815\n   24  chromedriver                        0x000000010c7d28d5 chromedriver + 4475093\n   25  libsystem_pthread.dylib             0x00007ff81e8174e1 _pthread_start + 125\n   26  libsystem_pthread.dylib             0x00007ff81e812f6b thread_start + 15\n", "test_name": "test_user_guess[yxf168]", "rerun": "0"}, "17": {"status": "PASS", "message": "", "test_name": "test_user_guess[lynn6688]", "rerun": "0"}, "18": {"status": "ERROR", "message": "driver = <common.wc_web.wc_web object at 0x1243a85e0>, request = <SubRequest 'game_page' for <Function test_user_guess[leixize168]>>\n\n    @pytest.fixture(scope='function',params = test_account)\n    def game_page(driver,request):\n    \tdriver.login_flow()\n>   \tdriver.send_accounts(request.param)\n\ntest_guess_sign_in.py:20: \n_ _ _ _ _ _ _ _ _ _ _ _ _ _ _ _ _ _ _ _ _ _ _ _ _ _ _ _ _ _ _ _ _ _ _ _ _ _ _ _ _ _ _ _ _ _ _ _ _ _ _ _ _ _ _ _ _ _ _ _ _ _ _ _ _ _ _ _ _ _ _ _ _ _ _ _ _ _ _ _ _ _ _ _ _ _ _ _ _ _ _ _ _ _ _ _ _ _ _ _ _ _ _ _\n../common/web.py:98: in send_accounts\n    account_input = self.waiter.until(EC.visibility_of_element_located((By.ID, \"username\")))\n_ _ _ _ _ _ _ _ _ _ _ _ _ _ _ _ _ _ _ _ _ _ _ _ _ _ _ _ _ _ _ _ _ _ _ _ _ _ _ _ _ _ _ _ _ _ _ _ _ _ _ _ _ _ _ _ _ _ _ _ _ _ _ _ _ _ _ _ _ _ _ _ _ _ _ _ _ _ _ _ _ _ _ _ _ _ _ _ _ _ _ _ _ _ _ _ _ _ _ _ _ _ _ _\n\nself = <selenium.webdriver.support.wait.WebDriverWait (session=\"d6fcc1b451b3c9532775a4f7072b9619\")>, method = <function visibility_of_element_located.<locals>._predicate at 0x11f3c5ab0>, message = ''\n\n    def until(self, method, message=''):\n        \"\"\"Calls the method provided with the driver as an argument until the \\\n        return value does not evaluate to ``False``.\n    \n        :param method: callable(WebDriver)\n        :param message: optional message for :exc:`TimeoutException`\n        :returns: the result of the last call to `method`\n        :raises: :exc:`selenium.common.exceptions.TimeoutException` if timeout occurs\n        \"\"\"\n        screen = None\n        stacktrace = None\n    \n        end_time = time.time() + self._timeout\n        while True:\n            try:\n                value = method(self._driver)\n                if value:\n                    return value\n            except InvalidSelectorException as e:\n                raise e\n            except self._ignored_exceptions as exc:\n                screen = getattr(exc, 'screen', None)\n                stacktrace = getattr(exc, 'stacktrace', None)\n            time.sleep(self._poll)\n            if time.time() > end_time:\n                break\n>       raise TimeoutException(message, screen, stacktrace)\nE       selenium.common.exceptions.TimeoutException: Message: \nE       Stacktrace:\nE       0   chromedriver                        0x000000010c7cb079 chromedriver + 4444281\nE       1   chromedriver                        0x000000010c757403 chromedriver + 3970051\nE       2   chromedriver                        0x000000010c3f2038 chromedriver + 409656\nE       3   chromedriver                        0x000000010c4282fd chromedriver + 631549\nE       4   chromedriver                        0x000000010c428581 chromedriver + 632193\nE       5   chromedriver                        0x000000010c45a4f4 chromedriver + 836852\nE       6   chromedriver                        0x000000010c4457bd chromedriver + 751549\nE       7   chromedriver                        0x000000010c458221 chromedriver + 827937\nE       8   chromedriver                        0x000000010c445683 chromedriver + 751235\nE       9   chromedriver                        0x000000010c41ba45 chromedriver + 580165\nE       10  chromedriver                        0x000000010c41ca95 chromedriver + 584341\nE       11  chromedriver                        0x000000010c79c55d chromedriver + 4253021\nE       12  chromedriver                        0x000000010c7a13a1 chromedriver + 4273057\nE       13  chromedriver                        0x000000010c7a616f chromedriver + 4292975\nE       14  chromedriver                        0x000000010c7a1dea chromedriver + 4275690\nE       15  chromedriver                        0x000000010c77b54f chromedriver + 4117839\nE       16  chromedriver                        0x000000010c7bbed8 chromedriver + 4382424\nE       17  chromedriver                        0x000000010c7bc05f chromedriver + 4382815\nE       18  chromedriver                        0x000000010c7d28d5 chromedriver + 4475093\nE       19  libsystem_pthread.dylib             0x00007ff81e8174e1 _pthread_start + 125\nE       20  libsystem_pthread.dylib             0x00007ff81e812f6b thread_start + 15\n\n/Library/Frameworks/Python.framework/Versions/3.10/lib/python3.10/site-packages/selenium/webdriver/support/wait.py:89: TimeoutException\n", "test_name": "test_user_guess[leixize168]", "rerun": "0"}, "19": {"status": "PASS", "message": "", "test_name": "test_user_guess[ysp001]", "rerun": "0"}, "20": {"status": "PASS", "message": "", "test_name": "test_user_guess[liuliu8787]", "rerun": "0"}, "21": {"status": "ERROR", "message": "driver = <common.wc_web.wc_web object at 0x1243a85e0>, request = <SubRequest 'game_page' for <Function test_user_guess[csn890112]>>\n\n    @pytest.fixture(scope='function',params = test_account)\n    def game_page(driver,request):\n    \tdriver.login_flow()\n>   \tdriver.send_accounts(request.param)\n\ntest_guess_sign_in.py:20: \n_ _ _ _ _ _ _ _ _ _ _ _ _ _ _ _ _ _ _ _ _ _ _ _ _ _ _ _ _ _ _ _ _ _ _ _ _ _ _ _ _ _ _ _ _ _ _ _ _ _ _ _ _ _ _ _ _ _ _ _ _ _ _ _ _ _ _ _ _ _ _ _ _ _ _ _ _ _ _ _ _ _ _ _ _ _ _ _ _ _ _ _ _ _ _ _ _ _ _ _ _ _ _ _\n../common/web.py:98: in send_accounts\n    account_input = self.waiter.until(EC.visibility_of_element_located((By.ID, \"username\")))\n_ _ _ _ _ _ _ _ _ _ _ _ _ _ _ _ _ _ _ _ _ _ _ _ _ _ _ _ _ _ _ _ _ _ _ _ _ _ _ _ _ _ _ _ _ _ _ _ _ _ _ _ _ _ _ _ _ _ _ _ _ _ _ _ _ _ _ _ _ _ _ _ _ _ _ _ _ _ _ _ _ _ _ _ _ _ _ _ _ _ _ _ _ _ _ _ _ _ _ _ _ _ _ _\n\nself = <selenium.webdriver.support.wait.WebDriverWait (session=\"d6fcc1b451b3c9532775a4f7072b9619\")>, method = <function visibility_of_element_located.<locals>._predicate at 0x1243ef490>, message = ''\n\n    def until(self, method, message=''):\n        \"\"\"Calls the method provided with the driver as an argument until the \\\n        return value does not evaluate to ``False``.\n    \n        :param method: callable(WebDriver)\n        :param message: optional message for :exc:`TimeoutException`\n        :returns: the result of the last call to `method`\n        :raises: :exc:`selenium.common.exceptions.TimeoutException` if timeout occurs\n        \"\"\"\n        screen = None\n        stacktrace = None\n    \n        end_time = time.time() + self._timeout\n        while True:\n            try:\n                value = method(self._driver)\n                if value:\n                    return value\n            except InvalidSelectorException as e:\n                raise e\n            except self._ignored_exceptions as exc:\n                screen = getattr(exc, 'screen', None)\n                stacktrace = getattr(exc, 'stacktrace', None)\n            time.sleep(self._poll)\n            if time.time() > end_time:\n                break\n>       raise TimeoutException(message, screen, stacktrace)\nE       selenium.common.exceptions.TimeoutException: Message: \nE       Stacktrace:\nE       0   chromedriver                        0x000000010c7cb079 chromedriver + 4444281\nE       1   chromedriver                        0x000000010c757403 chromedriver + 3970051\nE       2   chromedriver                        0x000000010c3f2038 chromedriver + 409656\nE       3   chromedriver                        0x000000010c4282fd chromedriver + 631549\nE       4   chromedriver                        0x000000010c428581 chromedriver + 632193\nE       5   chromedriver                        0x000000010c45a4f4 chromedriver + 836852\nE       6   chromedriver                        0x000000010c4457bd chromedriver + 751549\nE       7   chromedriver                        0x000000010c458221 chromedriver + 827937\nE       8   chromedriver                        0x000000010c445683 chromedriver + 751235\nE       9   chromedriver                        0x000000010c41ba45 chromedriver + 580165\nE       10  chromedriver                        0x000000010c41ca95 chromedriver + 584341\nE       11  chromedriver                        0x000000010c79c55d chromedriver + 4253021\nE       12  chromedriver                        0x000000010c7a13a1 chromedriver + 4273057\nE       13  chromedriver                        0x000000010c7a616f chromedriver + 4292975\nE       14  chromedriver                        0x000000010c7a1dea chromedriver + 4275690\nE       15  chromedriver                        0x000000010c77b54f chromedriver + 4117839\nE       16  chromedriver                        0x000000010c7bbed8 chromedriver + 4382424\nE       17  chromedriver                        0x000000010c7bc05f chromedriver + 4382815\nE       18  chromedriver                        0x000000010c7d28d5 chromedriver + 4475093\nE       19  libsystem_pthread.dylib             0x00007ff81e8174e1 _pthread_start + 125\nE       20  libsystem_pthread.dylib             0x00007ff81e812f6b thread_start + 15\n\n/Library/Frameworks/Python.framework/Versions/3.10/lib/python3.10/site-packages/selenium/webdriver/support/wait.py:89: TimeoutException\n", "test_name": "test_user_guess[csn890112]", "rerun": "0"}, "22": {"status": "FAIL", "message": "   selenium.common.exceptions.StaleElementReferenceException: Message: stale element reference: element is not attached to the page document\n     (Session info: chrome=103.0.5060.53)\n   Stacktrace:\n   0   chromedriver                        0x000000010c7cb079 chromedriver + 4444281\n   1   chromedriver                        0x000000010c757403 chromedriver + 3970051\n   2   chromedriver                        0x000000010c3f2038 chromedriver + 409656\n   3   chromedriver                        0x000000010c3f4ee7 chromedriver + 421607\n   4   chromedriver                        0x000000010c3f4d86 chromedriver + 421254\n   5   chromedriver                        0x000000010c3f594d chromedriver + 424269\n   6   chromedriver                        0x000000010c458e43 chromedriver + 831043\n   7   chromedriver                        0x000000010c445792 chromedriver + 751506\n   8   chromedriver                        0x000000010c458221 chromedriver + 827937\n   9   chromedriver                        0x000000010c445683 chromedriver + 751235\n   10  chromedriver                        0x000000010c41ba45 chromedriver + 580165\n   11  chromedriver                        0x000000010c41ca95 chromedriver + 584341\n   12  chromedriver                        0x000000010c79c55d chromedriver + 4253021\n   13  chromedriver                        0x000000010c7a13a1 chromedriver + 4273057\n   14  chromedriver                        0x000000010c7a616f chromedriver + 4292975\n   15  chromedriver                        0x000000010c7a1dea chromedriver + 4275690\n   16  chromedriver                        0x000000010c77b54f chromedriver + 4117839\n   17  chromedriver                        0x000000010c7bbed8 chromedriver + 4382424\n   18  chromedriver                        0x000000010c7bc05f chromedriver + 4382815\n   19  chromedriver                        0x000000010c7d28d5 chromedriver + 4475093\n   20  libsystem_pthread.dylib             0x00007ff81e8174e1 _pthread_start + 125\n   21  libsystem_pthread.dylib             0x00007ff81e812f6b thread_start + 15\n", "test_name": "test_user_guess[alex8888]", "rerun": "0"}, "23": {"status": "PASS", "message": "", "test_name": "test_user_guess[lq840114]", "rerun": "0"}, "24": {"status": "PASS", "message": "", "test_name": "test_user_guess[zhouzhen288]", "rerun": "0"}, "25": {"status": "PASS", "message": "", "test_name": "test_user_guess[ll999999]", "rerun": "0"}, "26": {"status": "PASS", "message": "", "test_name": "test_user_guess[zerone]", "rerun": "0"}, "27": {"status": "PASS", "message": "", "test_name": "test_user_guess[290029]", "rerun": "0"}, "28": {"status": "ERROR", "message": "driver = <common.wc_web.wc_web object at 0x1243a85e0>, request = <SubRequest 'game_page' for <Function test_user_guess[brazxm]>>\n\n    @pytest.fixture(scope='function',params = test_account)\n    def game_page(driver,request):\n    \tdriver.login_flow()\n>   \tdriver.send_accounts(request.param)\n\ntest_guess_sign_in.py:20: \n_ _ _ _ _ _ _ _ _ _ _ _ _ _ _ _ _ _ _ _ _ _ _ _ _ _ _ _ _ _ _ _ _ _ _ _ _ _ _ _ _ _ _ _ _ _ _ _ _ _ _ _ _ _ _ _ _ _ _ _ _ _ _ _ _ _ _ _ _ _ _ _ _ _ _ _ _ _ _ _ _ _ _ _ _ _ _ _ _ _ _ _ _ _ _ _ _ _ _ _ _ _ _ _\n../common/web.py:98: in send_accounts\n    account_input = self.waiter.until(EC.visibility_of_element_located((By.ID, \"username\")))\n_ _ _ _ _ _ _ _ _ _ _ _ _ _ _ _ _ _ _ _ _ _ _ _ _ _ _ _ _ _ _ _ _ _ _ _ _ _ _ _ _ _ _ _ _ _ _ _ _ _ _ _ _ _ _ _ _ _ _ _ _ _ _ _ _ _ _ _ _ _ _ _ _ _ _ _ _ _ _ _ _ _ _ _ _ _ _ _ _ _ _ _ _ _ _ _ _ _ _ _ _ _ _ _\n\nself = <selenium.webdriver.support.wait.WebDriverWait (session=\"d6fcc1b451b3c9532775a4f7072b9619\")>, method = <function visibility_of_element_located.<locals>._predicate at 0x1243edbd0>, message = ''\n\n    def until(self, method, message=''):\n        \"\"\"Calls the method provided with the driver as an argument until the \\\n        return value does not evaluate to ``False``.\n    \n        :param method: callable(WebDriver)\n        :param message: optional message for :exc:`TimeoutException`\n        :returns: the result of the last call to `method`\n        :raises: :exc:`selenium.common.exceptions.TimeoutException` if timeout occurs\n        \"\"\"\n        screen = None\n        stacktrace = None\n    \n        end_time = time.time() + self._timeout\n        while True:\n            try:\n                value = method(self._driver)\n                if value:\n                    return value\n            except InvalidSelectorException as e:\n                raise e\n            except self._ignored_exceptions as exc:\n                screen = getattr(exc, 'screen', None)\n                stacktrace = getattr(exc, 'stacktrace', None)\n            time.sleep(self._poll)\n            if time.time() > end_time:\n                break\n>       raise TimeoutException(message, screen, stacktrace)\nE       selenium.common.exceptions.TimeoutException: Message: \nE       Stacktrace:\nE       0   chromedriver                        0x000000010c7cb079 chromedriver + 4444281\nE       1   chromedriver                        0x000000010c757403 chromedriver + 3970051\nE       2   chromedriver                        0x000000010c3f2038 chromedriver + 409656\nE       3   chromedriver                        0x000000010c4282fd chromedriver + 631549\nE       4   chromedriver                        0x000000010c428581 chromedriver + 632193\nE       5   chromedriver                        0x000000010c45a4f4 chromedriver + 836852\nE       6   chromedriver                        0x000000010c4457bd chromedriver + 751549\nE       7   chromedriver                        0x000000010c458221 chromedriver + 827937\nE       8   chromedriver                        0x000000010c445683 chromedriver + 751235\nE       9   chromedriver                        0x000000010c41ba45 chromedriver + 580165\nE       10  chromedriver                        0x000000010c41ca95 chromedriver + 584341\nE       11  chromedriver                        0x000000010c79c55d chromedriver + 4253021\nE       12  chromedriver                        0x000000010c7a13a1 chromedriver + 4273057\nE       13  chromedriver                        0x000000010c7a616f chromedriver + 4292975\nE       14  chromedriver                        0x000000010c7a1dea chromedriver + 4275690\nE       15  chromedriver                        0x000000010c77b54f chromedriver + 4117839\nE       16  chromedriver                        0x000000010c7bbed8 chromedriver + 4382424\nE       17  chromedriver                        0x000000010c7bc05f chromedriver + 4382815\nE       18  chromedriver                        0x000000010c7d28d5 chromedriver + 4475093\nE       19  libsystem_pthread.dylib             0x00007ff81e8174e1 _pthread_start + 125\nE       20  libsystem_pthread.dylib             0x00007ff81e812f6b thread_start + 15\n\n/Library/Frameworks/Python.framework/Versions/3.10/lib/python3.10/site-packages/selenium/webdriver/support/wait.py:89: TimeoutException\n", "test_name": "test_user_guess[brazxm]", "rerun": "0"}, "29": {"status": "PASS", "message": "", "test_name": "test_user_guess[jmingda]", "rerun": "0"}, "30": {"status": "PASS", "message": "", "test_name": "test_user_guess[lix19831127]", "rerun": "0"}, "31": {"status": "ERROR", "message": "driver = <common.wc_web.wc_web object at 0x1243a85e0>, request = <SubRequest 'game_page' for <Function test_user_guess[a707042612]>>\n\n    @pytest.fixture(scope='function',params = test_account)\n    def game_page(driver,request):\n    \tdriver.login_flow()\n>   \tdriver.send_accounts(request.param)\n\ntest_guess_sign_in.py:20: \n_ _ _ _ _ _ _ _ _ _ _ _ _ _ _ _ _ _ _ _ _ _ _ _ _ _ _ _ _ _ _ _ _ _ _ _ _ _ _ _ _ _ _ _ _ _ _ _ _ _ _ _ _ _ _ _ _ _ _ _ _ _ _ _ _ _ _ _ _ _ _ _ _ _ _ _ _ _ _ _ _ _ _ _ _ _ _ _ _ _ _ _ _ _ _ _ _ _ _ _ _ _ _ _\n../common/web.py:98: in send_accounts\n    account_input = self.waiter.until(EC.visibility_of_element_located((By.ID, \"username\")))\n_ _ _ _ _ _ _ _ _ _ _ _ _ _ _ _ _ _ _ _ _ _ _ _ _ _ _ _ _ _ _ _ _ _ _ _ _ _ _ _ _ _ _ _ _ _ _ _ _ _ _ _ _ _ _ _ _ _ _ _ _ _ _ _ _ _ _ _ _ _ _ _ _ _ _ _ _ _ _ _ _ _ _ _ _ _ _ _ _ _ _ _ _ _ _ _ _ _ _ _ _ _ _ _\n\nself = <selenium.webdriver.support.wait.WebDriverWait (session=\"d6fcc1b451b3c9532775a4f7072b9619\")>, method = <function visibility_of_element_located.<locals>._predicate at 0x1244ecd30>, message = ''\n\n    def until(self, method, message=''):\n        \"\"\"Calls the method provided with the driver as an argument until the \\\n        return value does not evaluate to ``False``.\n    \n        :param method: callable(WebDriver)\n        :param message: optional message for :exc:`TimeoutException`\n        :returns: the result of the last call to `method`\n        :raises: :exc:`selenium.common.exceptions.TimeoutException` if timeout occurs\n        \"\"\"\n        screen = None\n        stacktrace = None\n    \n        end_time = time.time() + self._timeout\n        while True:\n            try:\n                value = method(self._driver)\n                if value:\n                    return value\n            except InvalidSelectorException as e:\n                raise e\n            except self._ignored_exceptions as exc:\n                screen = getattr(exc, 'screen', None)\n                stacktrace = getattr(exc, 'stacktrace', None)\n            time.sleep(self._poll)\n            if time.time() > end_time:\n                break\n>       raise TimeoutException(message, screen, stacktrace)\nE       selenium.common.exceptions.TimeoutException: Message: \nE       Stacktrace:\nE       0   chromedriver                        0x000000010c7cb079 chromedriver + 4444281\nE       1   chromedriver                        0x000000010c757403 chromedriver + 3970051\nE       2   chromedriver                        0x000000010c3f2038 chromedriver + 409656\nE       3   chromedriver                        0x000000010c4282fd chromedriver + 631549\nE       4   chromedriver                        0x000000010c428581 chromedriver + 632193\nE       5   chromedriver                        0x000000010c45a4f4 chromedriver + 836852\nE       6   chromedriver                        0x000000010c4457bd chromedriver + 751549\nE       7   chromedriver                        0x000000010c458221 chromedriver + 827937\nE       8   chromedriver                        0x000000010c445683 chromedriver + 751235\nE       9   chromedriver                        0x000000010c41ba45 chromedriver + 580165\nE       10  chromedriver                        0x000000010c41ca95 chromedriver + 584341\nE       11  chromedriver                        0x000000010c79c55d chromedriver + 4253021\nE       12  chromedriver                        0x000000010c7a13a1 chromedriver + 4273057\nE       13  chromedriver                        0x000000010c7a616f chromedriver + 4292975\nE       14  chromedriver                        0x000000010c7a1dea chromedriver + 4275690\nE       15  chromedriver                        0x000000010c77b54f chromedriver + 4117839\nE       16  chromedriver                        0x000000010c7bbed8 chromedriver + 4382424\nE       17  chromedriver                        0x000000010c7bc05f chromedriver + 4382815\nE       18  chromedriver                        0x000000010c7d28d5 chromedriver + 4475093\nE       19  libsystem_pthread.dylib             0x00007ff81e8174e1 _pthread_start + 125\nE       20  libsystem_pthread.dylib             0x00007ff81e812f6b thread_start + 15\n\n/Library/Frameworks/Python.framework/Versions/3.10/lib/python3.10/site-packages/selenium/webdriver/support/wait.py:89: TimeoutException\n", "test_name": "test_user_guess[a707042612]", "rerun": "0"}, "32": {"status": "PASS", "message": "", "test_name": "test_user_guess[miska3116]", "rerun": "0"}, "33": {"status": "FAIL", "message": "   selenium.common.exceptions.StaleElementReferenceException: Message: stale element reference: element is not attached to the page document\n     (Session info: chrome=103.0.5060.53)\n   Stacktrace:\n   0   chromedriver                        0x000000010c7cb079 chromedriver + 4444281\n   1   chromedriver                        0x000000010c757403 chromedriver + 3970051\n   2   chromedriver                        0x000000010c3f2038 chromedriver + 409656\n   3   chromedriver                        0x000000010c3f4ee7 chromedriver + 421607\n   4   chromedriver                        0x000000010c3f4d86 chromedriver + 421254\n   5   chromedriver                        0x000000010c3f504c chromedriver + 421964\n   6   chromedriver                        0x000000010c42a824 chromedriver + 641060\n   7   chromedriver                        0x000000010c429419 chromedriver + 635929\n   8   chromedriver                        0x000000010c41d6a9 chromedriver + 587433\n   9   chromedriver                        0x000000010c445792 chromedriver + 751506\n   10  chromedriver                        0x000000010c41cf65 chromedriver + 585573\n   11  chromedriver                        0x000000010c44589e chromedriver + 751774\n   12  chromedriver                        0x000000010c458221 chromedriver + 827937\n   13  chromedriver                        0x000000010c445683 chromedriver + 751235\n   14  chromedriver                        0x000000010c41ba45 chromedriver + 580165\n   15  chromedriver                        0x000000010c41ca95 chromedriver + 584341\n   16  chromedriver                        0x000000010c79c55d chromedriver + 4253021\n   17  chromedriver                        0x000000010c7a13a1 chromedriver + 4273057\n   18  chromedriver                        0x000000010c7a616f chromedriver + 4292975\n   19  chromedriver                        0x000000010c7a1dea chromedriver + 4275690\n   20  chromedriver                        0x000000010c77b54f chromedriver + 4117839\n   21  chromedriver                        0x000000010c7bbed8 chromedriver + 4382424\n   22  chromedriver                        0x000000010c7bc05f chromedriver + 4382815\n   23  chromedriver                        0x000000010c7d28d5 chromedriver + 4475093\n   24  libsystem_pthread.dylib             0x00007ff81e8174e1 _pthread_start + 125\n   25  libsystem_pthread.dylib             0x00007ff81e812f6b thread_start + 15\n", "test_name": "test_user_guess[cyt04100945]", "rerun": "0"}, "34": {"status": "PASS", "message": "", "test_name": "test_user_guess[zjx1992]", "rerun": "0"}, "35": {"status": "ERROR", "message": "driver = <common.wc_web.wc_web object at 0x1243a85e0>, request = <SubRequest 'game_page' for <Function test_user_guess[bobo60521]>>\n\n    @pytest.fixture(scope='function',params = test_account)\n    def game_page(driver,request):\n    \tdriver.login_flow()\n>   \tdriver.send_accounts(request.param)\n\ntest_guess_sign_in.py:20: \n_ _ _ _ _ _ _ _ _ _ _ _ _ _ _ _ _ _ _ _ _ _ _ _ _ _ _ _ _ _ _ _ _ _ _ _ _ _ _ _ _ _ _ _ _ _ _ _ _ _ _ _ _ _ _ _ _ _ _ _ _ _ _ _ _ _ _ _ _ _ _ _ _ _ _ _ _ _ _ _ _ _ _ _ _ _ _ _ _ _ _ _ _ _ _ _ _ _ _ _ _ _ _ _\n../common/web.py:98: in send_accounts\n    account_input = self.waiter.until(EC.visibility_of_element_located((By.ID, \"username\")))\n_ _ _ _ _ _ _ _ _ _ _ _ _ _ _ _ _ _ _ _ _ _ _ _ _ _ _ _ _ _ _ _ _ _ _ _ _ _ _ _ _ _ _ _ _ _ _ _ _ _ _ _ _ _ _ _ _ _ _ _ _ _ _ _ _ _ _ _ _ _ _ _ _ _ _ _ _ _ _ _ _ _ _ _ _ _ _ _ _ _ _ _ _ _ _ _ _ _ _ _ _ _ _ _\n\nself = <selenium.webdriver.support.wait.WebDriverWait (session=\"d6fcc1b451b3c9532775a4f7072b9619\")>, method = <function visibility_of_element_located.<locals>._predicate at 0x12459df30>, message = ''\n\n    def until(self, method, message=''):\n        \"\"\"Calls the method provided with the driver as an argument until the \\\n        return value does not evaluate to ``False``.\n    \n        :param method: callable(WebDriver)\n        :param message: optional message for :exc:`TimeoutException`\n        :returns: the result of the last call to `method`\n        :raises: :exc:`selenium.common.exceptions.TimeoutException` if timeout occurs\n        \"\"\"\n        screen = None\n        stacktrace = None\n    \n        end_time = time.time() + self._timeout\n        while True:\n            try:\n                value = method(self._driver)\n                if value:\n                    return value\n            except InvalidSelectorException as e:\n                raise e\n            except self._ignored_exceptions as exc:\n                screen = getattr(exc, 'screen', None)\n                stacktrace = getattr(exc, 'stacktrace', None)\n            time.sleep(self._poll)\n            if time.time() > end_time:\n                break\n>       raise TimeoutException(message, screen, stacktrace)\nE       selenium.common.exceptions.TimeoutException: Message: \nE       Stacktrace:\nE       0   chromedriver                        0x000000010c7cb079 chromedriver + 4444281\nE       1   chromedriver                        0x000000010c757403 chromedriver + 3970051\nE       2   chromedriver                        0x000000010c3f2038 chromedriver + 409656\nE       3   chromedriver                        0x000000010c4282fd chromedriver + 631549\nE       4   chromedriver                        0x000000010c428581 chromedriver + 632193\nE       5   chromedriver                        0x000000010c45a4f4 chromedriver + 836852\nE       6   chromedriver                        0x000000010c4457bd chromedriver + 751549\nE       7   chromedriver                        0x000000010c458221 chromedriver + 827937\nE       8   chromedriver                        0x000000010c445683 chromedriver + 751235\nE       9   chromedriver                        0x000000010c41ba45 chromedriver + 580165\nE       10  chromedriver                        0x000000010c41ca95 chromedriver + 584341\nE       11  chromedriver                        0x000000010c79c55d chromedriver + 4253021\nE       12  chromedriver                        0x000000010c7a13a1 chromedriver + 4273057\nE       13  chromedriver                        0x000000010c7a616f chromedriver + 4292975\nE       14  chromedriver                        0x000000010c7a1dea chromedriver + 4275690\nE       15  chromedriver                        0x000000010c77b54f chromedriver + 4117839\nE       16  chromedriver                        0x000000010c7bbed8 chromedriver + 4382424\nE       17  chromedriver                        0x000000010c7bc05f chromedriver + 4382815\nE       18  chromedriver                        0x000000010c7d28d5 chromedriver + 4475093\nE       19  libsystem_pthread.dylib             0x00007ff81e8174e1 _pthread_start + 125\nE       20  libsystem_pthread.dylib             0x00007ff81e812f6b thread_start + 15\n\n/Library/Frameworks/Python.framework/Versions/3.10/lib/python3.10/site-packages/selenium/webdriver/support/wait.py:89: TimeoutException\n", "test_name": "test_user_guess[bobo60521]", "rerun": "0"}, "36": {"status": "PASS", "message": "", "test_name": "test_user_guess[wjb1984]", "rerun": "0"}, "37": {"status": "PASS", "message": "", "test_name": "test_user_guess[feng2858]", "rerun": "0"}, "38": {"status": "PASS", "message": "", "test_name": "test_user_guess[gurenjie]", "rerun": "0"}, "39": {"status": "PASS", "message": "", "test_name": "test_user_guess[a719182]", "rerun": "0"}, "40": {"status": "PASS", "message": "", "test_name": "test_user_guess[klq9912015]", "rerun": "0"}, "41": {"status": "PASS", "message": "", "test_name": "test_user_guess[ml757966]", "rerun": "0"}, "42": {"status": "PASS", "message": "", "test_name": "test_user_guess[ruan7177]", "rerun": "0"}, "43": {"status": "PASS", "message": "", "test_name": "test_user_guess[1816469046]", "rerun": "0"}, "44": {"status": "PASS", "message": "", "test_name": "test_user_guess[damon]", "rerun": "0"}, "45": {"status": "PASS", "message": "", "test_name": "test_user_guess[liang123456]", "rerun": "0"}, "46": {"status": "PASS", "message": "", "test_name": "test_user_guess[a4292476]", "rerun": "0"}, "47": {"status": "PASS", "message": "", "test_name": "test_user_guess[mu61270]", "rerun": "0"}, "48": {"status": "PASS", "message": "", "test_name": "test_user_guess[iu88888]", "rerun": "0"}, "49": {"status": "ERROR", "message": "driver = <common.wc_web.wc_web object at 0x1243a85e0>, request = <SubRequest 'game_page' for <Function test_user_guess[ln8161]>>\n\n    @pytest.fixture(scope='function',params = test_account)\n    def game_page(driver,request):\n    \tdriver.login_flow()\n>   \tdriver.send_accounts(request.param)\n\ntest_guess_sign_in.py:20: \n_ _ _ _ _ _ _ _ _ _ _ _ _ _ _ _ _ _ _ _ _ _ _ _ _ _ _ _ _ _ _ _ _ _ _ _ _ _ _ _ _ _ _ _ _ _ _ _ _ _ _ _ _ _ _ _ _ _ _ _ _ _ _ _ _ _ _ _ _ _ _ _ _ _ _ _ _ _ _ _ _ _ _ _ _ _ _ _ _ _ _ _ _ _ _ _ _ _ _ _ _ _ _ _\n../common/web.py:98: in send_accounts\n    account_input = self.waiter.until(EC.visibility_of_element_located((By.ID, \"username\")))\n_ _ _ _ _ _ _ _ _ _ _ _ _ _ _ _ _ _ _ _ _ _ _ _ _ _ _ _ _ _ _ _ _ _ _ _ _ _ _ _ _ _ _ _ _ _ _ _ _ _ _ _ _ _ _ _ _ _ _ _ _ _ _ _ _ _ _ _ _ _ _ _ _ _ _ _ _ _ _ _ _ _ _ _ _ _ _ _ _ _ _ _ _ _ _ _ _ _ _ _ _ _ _ _\n\nself = <selenium.webdriver.support.wait.WebDriverWait (session=\"d6fcc1b451b3c9532775a4f7072b9619\")>, method = <function visibility_of_element_located.<locals>._predicate at 0x12459e170>, message = ''\n\n    def until(self, method, message=''):\n        \"\"\"Calls the method provided with the driver as an argument until the \\\n        return value does not evaluate to ``False``.\n    \n        :param method: callable(WebDriver)\n        :param message: optional message for :exc:`TimeoutException`\n        :returns: the result of the last call to `method`\n        :raises: :exc:`selenium.common.exceptions.TimeoutException` if timeout occurs\n        \"\"\"\n        screen = None\n        stacktrace = None\n    \n        end_time = time.time() + self._timeout\n        while True:\n            try:\n                value = method(self._driver)\n                if value:\n                    return value\n            except InvalidSelectorException as e:\n                raise e\n            except self._ignored_exceptions as exc:\n                screen = getattr(exc, 'screen', None)\n                stacktrace = getattr(exc, 'stacktrace', None)\n            time.sleep(self._poll)\n            if time.time() > end_time:\n                break\n>       raise TimeoutException(message, screen, stacktrace)\nE       selenium.common.exceptions.TimeoutException: Message: \nE       Stacktrace:\nE       0   chromedriver                        0x000000010c7cb079 chromedriver + 4444281\nE       1   chromedriver                        0x000000010c757403 chromedriver + 3970051\nE       2   chromedriver                        0x000000010c3f2038 chromedriver + 409656\nE       3   chromedriver                        0x000000010c4282fd chromedriver + 631549\nE       4   chromedriver                        0x000000010c428581 chromedriver + 632193\nE       5   chromedriver                        0x000000010c45a4f4 chromedriver + 836852\nE       6   chromedriver                        0x000000010c4457bd chromedriver + 751549\nE       7   chromedriver                        0x000000010c458221 chromedriver + 827937\nE       8   chromedriver                        0x000000010c445683 chromedriver + 751235\nE       9   chromedriver                        0x000000010c41ba45 chromedriver + 580165\nE       10  chromedriver                        0x000000010c41ca95 chromedriver + 584341\nE       11  chromedriver                        0x000000010c79c55d chromedriver + 4253021\nE       12  chromedriver                        0x000000010c7a13a1 chromedriver + 4273057\nE       13  chromedriver                        0x000000010c7a616f chromedriver + 4292975\nE       14  chromedriver                        0x000000010c7a1dea chromedriver + 4275690\nE       15  chromedriver                        0x000000010c77b54f chromedriver + 4117839\nE       16  chromedriver                        0x000000010c7bbed8 chromedriver + 4382424\nE       17  chromedriver                        0x000000010c7bc05f chromedriver + 4382815\nE       18  chromedriver                        0x000000010c7d28d5 chromedriver + 4475093\nE       19  libsystem_pthread.dylib             0x00007ff81e8174e1 _pthread_start + 125\nE       20  libsystem_pthread.dylib             0x00007ff81e812f6b thread_start + 15\n\n/Library/Frameworks/Python.framework/Versions/3.10/lib/python3.10/site-packages/selenium/webdriver/support/wait.py:89: TimeoutException\n", "test_name": "test_user_guess[ln8161]", "rerun": "0"}, "50": {"status": "PASS", "message": "", "test_name": "test_user_guess[weell3399]", "rerun": "0"}, "51": {"status": "ERROR", "message": "driver = <common.wc_web.wc_web object at 0x1243a85e0>, request = <SubRequest 'game_page' for <Function test_user_guess[527021912]>>\n\n    @pytest.fixture(scope='function',params = test_account)\n    def game_page(driver,request):\n    \tdriver.login_flow()\n>   \tdriver.send_accounts(request.param)\n\ntest_guess_sign_in.py:20: \n_ _ _ _ _ _ _ _ _ _ _ _ _ _ _ _ _ _ _ _ _ _ _ _ _ _ _ _ _ _ _ _ _ _ _ _ _ _ _ _ _ _ _ _ _ _ _ _ _ _ _ _ _ _ _ _ _ _ _ _ _ _ _ _ _ _ _ _ _ _ _ _ _ _ _ _ _ _ _ _ _ _ _ _ _ _ _ _ _ _ _ _ _ _ _ _ _ _ _ _ _ _ _ _\n../common/web.py:98: in send_accounts\n    account_input = self.waiter.until(EC.visibility_of_element_located((By.ID, \"username\")))\n_ _ _ _ _ _ _ _ _ _ _ _ _ _ _ _ _ _ _ _ _ _ _ _ _ _ _ _ _ _ _ _ _ _ _ _ _ _ _ _ _ _ _ _ _ _ _ _ _ _ _ _ _ _ _ _ _ _ _ _ _ _ _ _ _ _ _ _ _ _ _ _ _ _ _ _ _ _ _ _ _ _ _ _ _ _ _ _ _ _ _ _ _ _ _ _ _ _ _ _ _ _ _ _\n\nself = <selenium.webdriver.support.wait.WebDriverWait (session=\"d6fcc1b451b3c9532775a4f7072b9619\")>, method = <function visibility_of_element_located.<locals>._predicate at 0x12459cf70>, message = ''\n\n    def until(self, method, message=''):\n        \"\"\"Calls the method provided with the driver as an argument until the \\\n        return value does not evaluate to ``False``.\n    \n        :param method: callable(WebDriver)\n        :param message: optional message for :exc:`TimeoutException`\n        :returns: the result of the last call to `method`\n        :raises: :exc:`selenium.common.exceptions.TimeoutException` if timeout occurs\n        \"\"\"\n        screen = None\n        stacktrace = None\n    \n        end_time = time.time() + self._timeout\n        while True:\n            try:\n                value = method(self._driver)\n                if value:\n                    return value\n            except InvalidSelectorException as e:\n                raise e\n            except self._ignored_exceptions as exc:\n                screen = getattr(exc, 'screen', None)\n                stacktrace = getattr(exc, 'stacktrace', None)\n            time.sleep(self._poll)\n            if time.time() > end_time:\n                break\n>       raise TimeoutException(message, screen, stacktrace)\nE       selenium.common.exceptions.TimeoutException: Message: \nE       Stacktrace:\nE       0   chromedriver                        0x000000010c7cb079 chromedriver + 4444281\nE       1   chromedriver                        0x000000010c757403 chromedriver + 3970051\nE       2   chromedriver                        0x000000010c3f2038 chromedriver + 409656\nE       3   chromedriver                        0x000000010c4282fd chromedriver + 631549\nE       4   chromedriver                        0x000000010c428581 chromedriver + 632193\nE       5   chromedriver                        0x000000010c45a4f4 chromedriver + 836852\nE       6   chromedriver                        0x000000010c4457bd chromedriver + 751549\nE       7   chromedriver                        0x000000010c458221 chromedriver + 827937\nE       8   chromedriver                        0x000000010c445683 chromedriver + 751235\nE       9   chromedriver                        0x000000010c41ba45 chromedriver + 580165\nE       10  chromedriver                        0x000000010c41ca95 chromedriver + 584341\nE       11  chromedriver                        0x000000010c79c55d chromedriver + 4253021\nE       12  chromedriver                        0x000000010c7a13a1 chromedriver + 4273057\nE       13  chromedriver                        0x000000010c7a616f chromedriver + 4292975\nE       14  chromedriver                        0x000000010c7a1dea chromedriver + 4275690\nE       15  chromedriver                        0x000000010c77b54f chromedriver + 4117839\nE       16  chromedriver                        0x000000010c7bbed8 chromedriver + 4382424\nE       17  chromedriver                        0x000000010c7bc05f chromedriver + 4382815\nE       18  chromedriver                        0x000000010c7d28d5 chromedriver + 4475093\nE       19  libsystem_pthread.dylib             0x00007ff81e8174e1 _pthread_start + 125\nE       20  libsystem_pthread.dylib             0x00007ff81e812f6b thread_start + 15\n\n/Library/Frameworks/Python.framework/Versions/3.10/lib/python3.10/site-packages/selenium/webdriver/support/wait.py:89: TimeoutException\n", "test_name": "test_user_guess[527021912]", "rerun": "0"}, "52": {"status": "FAIL", "message": "   selenium.common.exceptions.StaleElementReferenceException: Message: stale element reference: element is not attached to the page document\n     (Session info: chrome=103.0.5060.53)\n   Stacktrace:\n   0   chromedriver                        0x000000010c7cb079 chromedriver + 4444281\n   1   chromedriver                        0x000000010c757403 chromedriver + 3970051\n   2   chromedriver                        0x000000010c3f2038 chromedriver + 409656\n   3   chromedriver                        0x000000010c3f4ee7 chromedriver + 421607\n   4   chromedriver                        0x000000010c3f4d86 chromedriver + 421254\n   5   chromedriver                        0x000000010c3f504c chromedriver + 421964\n   6   chromedriver                        0x000000010c42a824 chromedriver + 641060\n   7   chromedriver                        0x000000010c429419 chromedriver + 635929\n   8   chromedriver                        0x000000010c41d6a9 chromedriver + 587433\n   9   chromedriver                        0x000000010c445792 chromedriver + 751506\n   10  chromedriver                        0x000000010c41cf65 chromedriver + 585573\n   11  chromedriver                        0x000000010c44589e chromedriver + 751774\n   12  chromedriver                        0x000000010c458221 chromedriver + 827937\n   13  chromedriver                        0x000000010c445683 chromedriver + 751235\n   14  chromedriver                        0x000000010c41ba45 chromedriver + 580165\n   15  chromedriver                        0x000000010c41ca95 chromedriver + 584341\n   16  chromedriver                        0x000000010c79c55d chromedriver + 4253021\n   17  chromedriver                        0x000000010c7a13a1 chromedriver + 4273057\n   18  chromedriver                        0x000000010c7a616f chromedriver + 4292975\n   19  chromedriver                        0x000000010c7a1dea chromedriver + 4275690\n   20  chromedriver                        0x000000010c77b54f chromedriver + 4117839\n   21  chromedriver                        0x000000010c7bbed8 chromedriver + 4382424\n   22  chromedriver                        0x000000010c7bc05f chromedriver + 4382815\n   23  chromedriver                        0x000000010c7d28d5 chromedriver + 4475093\n   24  libsystem_pthread.dylib             0x00007ff81e8174e1 _pthread_start + 125\n   25  libsystem_pthread.dylib             0x00007ff81e812f6b thread_start + 15\n", "test_name": "test_user_guess[531827a]", "rerun": "0"}, "53": {"status": "PASS", "message": "", "test_name": "test_user_guess[wz98948264]", "rerun": "0"}, "54": {"status": "PASS", "message": "", "test_name": "test_user_guess[bluewgc]", "rerun": "0"}, "55": {"status": "ERROR", "message": "driver = <common.wc_web.wc_web object at 0x1243a85e0>, request = <SubRequest 'game_page' for <Function test_user_guess[fuyouqian]>>\n\n    @pytest.fixture(scope='function',params = test_account)\n    def game_page(driver,request):\n    \tdriver.login_flow()\n>   \tdriver.send_accounts(request.param)\n\ntest_guess_sign_in.py:20: \n_ _ _ _ _ _ _ _ _ _ _ _ _ _ _ _ _ _ _ _ _ _ _ _ _ _ _ _ _ _ _ _ _ _ _ _ _ _ _ _ _ _ _ _ _ _ _ _ _ _ _ _ _ _ _ _ _ _ _ _ _ _ _ _ _ _ _ _ _ _ _ _ _ _ _ _ _ _ _ _ _ _ _ _ _ _ _ _ _ _ _ _ _ _ _ _ _ _ _ _ _ _ _ _\n../common/web.py:98: in send_accounts\n    account_input = self.waiter.until(EC.visibility_of_element_located((By.ID, \"username\")))\n_ _ _ _ _ _ _ _ _ _ _ _ _ _ _ _ _ _ _ _ _ _ _ _ _ _ _ _ _ _ _ _ _ _ _ _ _ _ _ _ _ _ _ _ _ _ _ _ _ _ _ _ _ _ _ _ _ _ _ _ _ _ _ _ _ _ _ _ _ _ _ _ _ _ _ _ _ _ _ _ _ _ _ _ _ _ _ _ _ _ _ _ _ _ _ _ _ _ _ _ _ _ _ _\n\nself = <selenium.webdriver.support.wait.WebDriverWait (session=\"d6fcc1b451b3c9532775a4f7072b9619\")>, method = <function visibility_of_element_located.<locals>._predicate at 0x1244ed630>, message = ''\n\n    def until(self, method, message=''):\n        \"\"\"Calls the method provided with the driver as an argument until the \\\n        return value does not evaluate to ``False``.\n    \n        :param method: callable(WebDriver)\n        :param message: optional message for :exc:`TimeoutException`\n        :returns: the result of the last call to `method`\n        :raises: :exc:`selenium.common.exceptions.TimeoutException` if timeout occurs\n        \"\"\"\n        screen = None\n        stacktrace = None\n    \n        end_time = time.time() + self._timeout\n        while True:\n            try:\n                value = method(self._driver)\n                if value:\n                    return value\n            except InvalidSelectorException as e:\n                raise e\n            except self._ignored_exceptions as exc:\n                screen = getattr(exc, 'screen', None)\n                stacktrace = getattr(exc, 'stacktrace', None)\n            time.sleep(self._poll)\n            if time.time() > end_time:\n                break\n>       raise TimeoutException(message, screen, stacktrace)\nE       selenium.common.exceptions.TimeoutException: Message: \nE       Stacktrace:\nE       0   chromedriver                        0x000000010c7cb079 chromedriver + 4444281\nE       1   chromedriver                        0x000000010c757403 chromedriver + 3970051\nE       2   chromedriver                        0x000000010c3f2038 chromedriver + 409656\nE       3   chromedriver                        0x000000010c4282fd chromedriver + 631549\nE       4   chromedriver                        0x000000010c428581 chromedriver + 632193\nE       5   chromedriver                        0x000000010c45a4f4 chromedriver + 836852\nE       6   chromedriver                        0x000000010c4457bd chromedriver + 751549\nE       7   chromedriver                        0x000000010c458221 chromedriver + 827937\nE       8   chromedriver                        0x000000010c445683 chromedriver + 751235\nE       9   chromedriver                        0x000000010c41ba45 chromedriver + 580165\nE       10  chromedriver                        0x000000010c41ca95 chromedriver + 584341\nE       11  chromedriver                        0x000000010c79c55d chromedriver + 4253021\nE       12  chromedriver                        0x000000010c7a13a1 chromedriver + 4273057\nE       13  chromedriver                        0x000000010c7a616f chromedriver + 4292975\nE       14  chromedriver                        0x000000010c7a1dea chromedriver + 4275690\nE       15  chromedriver                        0x000000010c77b54f chromedriver + 4117839\nE       16  chromedriver                        0x000000010c7bbed8 chromedriver + 4382424\nE       17  chromedriver                        0x000000010c7bc05f chromedriver + 4382815\nE       18  chromedriver                        0x000000010c7d28d5 chromedriver + 4475093\nE       19  libsystem_pthread.dylib             0x00007ff81e8174e1 _pthread_start + 125\nE       20  libsystem_pthread.dylib             0x00007ff81e812f6b thread_start + 15\n\n/Library/Frameworks/Python.framework/Versions/3.10/lib/python3.10/site-packages/selenium/webdriver/support/wait.py:89: TimeoutException\n", "test_name": "test_user_guess[fuyouqian]", "rerun": "0"}, "56": {"status": "PASS", "message": "", "test_name": "test_user_guess[toudajiao]", "rerun": "0"}, "57": {"status": "PASS", "message": "", "test_name": "test_user_guess[hu567]", "rerun": "0"}, "58": {"status": "PASS", "message": "", "test_name": "test_user_guess[azopww]", "rerun": "0"}, "59": {"status": "PASS", "message": "", "test_name": "test_user_guess[sisi777]", "rerun": "0"}, "60": {"status": "ERROR", "message": "driver = <common.wc_web.wc_web object at 0x1243a85e0>, request = <SubRequest 'game_page' for <Function test_user_guess[a1578]>>\n\n    @pytest.fixture(scope='function',params = test_account)\n    def game_page(driver,request):\n    \tdriver.login_flow()\n>   \tdriver.send_accounts(request.param)\n\ntest_guess_sign_in.py:20: \n_ _ _ _ _ _ _ _ _ _ _ _ _ _ _ _ _ _ _ _ _ _ _ _ _ _ _ _ _ _ _ _ _ _ _ _ _ _ _ _ _ _ _ _ _ _ _ _ _ _ _ _ _ _ _ _ _ _ _ _ _ _ _ _ _ _ _ _ _ _ _ _ _ _ _ _ _ _ _ _ _ _ _ _ _ _ _ _ _ _ _ _ _ _ _ _ _ _ _ _ _ _ _ _\n../common/web.py:98: in send_accounts\n    account_input = self.waiter.until(EC.visibility_of_element_located((By.ID, \"username\")))\n_ _ _ _ _ _ _ _ _ _ _ _ _ _ _ _ _ _ _ _ _ _ _ _ _ _ _ _ _ _ _ _ _ _ _ _ _ _ _ _ _ _ _ _ _ _ _ _ _ _ _ _ _ _ _ _ _ _ _ _ _ _ _ _ _ _ _ _ _ _ _ _ _ _ _ _ _ _ _ _ _ _ _ _ _ _ _ _ _ _ _ _ _ _ _ _ _ _ _ _ _ _ _ _\n\nself = <selenium.webdriver.support.wait.WebDriverWait (session=\"d6fcc1b451b3c9532775a4f7072b9619\")>, method = <function visibility_of_element_located.<locals>._predicate at 0x11f3c5d80>, message = ''\n\n    def until(self, method, message=''):\n        \"\"\"Calls the method provided with the driver as an argument until the \\\n        return value does not evaluate to ``False``.\n    \n        :param method: callable(WebDriver)\n        :param message: optional message for :exc:`TimeoutException`\n        :returns: the result of the last call to `method`\n        :raises: :exc:`selenium.common.exceptions.TimeoutException` if timeout occurs\n        \"\"\"\n        screen = None\n        stacktrace = None\n    \n        end_time = time.time() + self._timeout\n        while True:\n            try:\n                value = method(self._driver)\n                if value:\n                    return value\n            except InvalidSelectorException as e:\n                raise e\n            except self._ignored_exceptions as exc:\n                screen = getattr(exc, 'screen', None)\n                stacktrace = getattr(exc, 'stacktrace', None)\n            time.sleep(self._poll)\n            if time.time() > end_time:\n                break\n>       raise TimeoutException(message, screen, stacktrace)\nE       selenium.common.exceptions.TimeoutException: Message: \nE       Stacktrace:\nE       0   chromedriver                        0x000000010c7cb079 chromedriver + 4444281\nE       1   chromedriver                        0x000000010c757403 chromedriver + 3970051\nE       2   chromedriver                        0x000000010c3f2038 chromedriver + 409656\nE       3   chromedriver                        0x000000010c4282fd chromedriver + 631549\nE       4   chromedriver                        0x000000010c428581 chromedriver + 632193\nE       5   chromedriver                        0x000000010c45a4f4 chromedriver + 836852\nE       6   chromedriver                        0x000000010c4457bd chromedriver + 751549\nE       7   chromedriver                        0x000000010c458221 chromedriver + 827937\nE       8   chromedriver                        0x000000010c445683 chromedriver + 751235\nE       9   chromedriver                        0x000000010c41ba45 chromedriver + 580165\nE       10  chromedriver                        0x000000010c41ca95 chromedriver + 584341\nE       11  chromedriver                        0x000000010c79c55d chromedriver + 4253021\nE       12  chromedriver                        0x000000010c7a13a1 chromedriver + 4273057\nE       13  chromedriver                        0x000000010c7a616f chromedriver + 4292975\nE       14  chromedriver                        0x000000010c7a1dea chromedriver + 4275690\nE       15  chromedriver                        0x000000010c77b54f chromedriver + 4117839\nE       16  chromedriver                        0x000000010c7bbed8 chromedriver + 4382424\nE       17  chromedriver                        0x000000010c7bc05f chromedriver + 4382815\nE       18  chromedriver                        0x000000010c7d28d5 chromedriver + 4475093\nE       19  libsystem_pthread.dylib             0x00007ff81e8174e1 _pthread_start + 125\nE       20  libsystem_pthread.dylib             0x00007ff81e812f6b thread_start + 15\n\n/Library/Frameworks/Python.framework/Versions/3.10/lib/python3.10/site-packages/selenium/webdriver/support/wait.py:89: TimeoutException\n", "test_name": "test_user_guess[a1578]", "rerun": "0"}, "61": {"status": "PASS", "message": "", "test_name": "test_user_guess[zhulong222]", "rerun": "0"}, "62": {"status": "ERROR", "message": "driver = <common.wc_web.wc_web object at 0x1243a85e0>, request = <SubRequest 'game_page' for <Function test_user_guess[112121]>>\n\n    @pytest.fixture(scope='function',params = test_account)\n    def game_page(driver,request):\n    \tdriver.login_flow()\n>   \tdriver.send_accounts(request.param)\n\ntest_guess_sign_in.py:20: \n_ _ _ _ _ _ _ _ _ _ _ _ _ _ _ _ _ _ _ _ _ _ _ _ _ _ _ _ _ _ _ _ _ _ _ _ _ _ _ _ _ _ _ _ _ _ _ _ _ _ _ _ _ _ _ _ _ _ _ _ _ _ _ _ _ _ _ _ _ _ _ _ _ _ _ _ _ _ _ _ _ _ _ _ _ _ _ _ _ _ _ _ _ _ _ _ _ _ _ _ _ _ _ _\n../common/web.py:98: in send_accounts\n    account_input = self.waiter.until(EC.visibility_of_element_located((By.ID, \"username\")))\n_ _ _ _ _ _ _ _ _ _ _ _ _ _ _ _ _ _ _ _ _ _ _ _ _ _ _ _ _ _ _ _ _ _ _ _ _ _ _ _ _ _ _ _ _ _ _ _ _ _ _ _ _ _ _ _ _ _ _ _ _ _ _ _ _ _ _ _ _ _ _ _ _ _ _ _ _ _ _ _ _ _ _ _ _ _ _ _ _ _ _ _ _ _ _ _ _ _ _ _ _ _ _ _\n\nself = <selenium.webdriver.support.wait.WebDriverWait (session=\"d6fcc1b451b3c9532775a4f7072b9619\")>, method = <function visibility_of_element_located.<locals>._predicate at 0x12453dcf0>, message = ''\n\n    def until(self, method, message=''):\n        \"\"\"Calls the method provided with the driver as an argument until the \\\n        return value does not evaluate to ``False``.\n    \n        :param method: callable(WebDriver)\n        :param message: optional message for :exc:`TimeoutException`\n        :returns: the result of the last call to `method`\n        :raises: :exc:`selenium.common.exceptions.TimeoutException` if timeout occurs\n        \"\"\"\n        screen = None\n        stacktrace = None\n    \n        end_time = time.time() + self._timeout\n        while True:\n            try:\n                value = method(self._driver)\n                if value:\n                    return value\n            except InvalidSelectorException as e:\n                raise e\n            except self._ignored_exceptions as exc:\n                screen = getattr(exc, 'screen', None)\n                stacktrace = getattr(exc, 'stacktrace', None)\n            time.sleep(self._poll)\n            if time.time() > end_time:\n                break\n>       raise TimeoutException(message, screen, stacktrace)\nE       selenium.common.exceptions.TimeoutException: Message: \nE       Stacktrace:\nE       0   chromedriver                        0x000000010c7cb079 chromedriver + 4444281\nE       1   chromedriver                        0x000000010c757403 chromedriver + 3970051\nE       2   chromedriver                        0x000000010c3f2038 chromedriver + 409656\nE       3   chromedriver                        0x000000010c4282fd chromedriver + 631549\nE       4   chromedriver                        0x000000010c428581 chromedriver + 632193\nE       5   chromedriver                        0x000000010c45a4f4 chromedriver + 836852\nE       6   chromedriver                        0x000000010c4457bd chromedriver + 751549\nE       7   chromedriver                        0x000000010c458221 chromedriver + 827937\nE       8   chromedriver                        0x000000010c445683 chromedriver + 751235\nE       9   chromedriver                        0x000000010c41ba45 chromedriver + 580165\nE       10  chromedriver                        0x000000010c41ca95 chromedriver + 584341\nE       11  chromedriver                        0x000000010c79c55d chromedriver + 4253021\nE       12  chromedriver                        0x000000010c7a13a1 chromedriver + 4273057\nE       13  chromedriver                        0x000000010c7a616f chromedriver + 4292975\nE       14  chromedriver                        0x000000010c7a1dea chromedriver + 4275690\nE       15  chromedriver                        0x000000010c77b54f chromedriver + 4117839\nE       16  chromedriver                        0x000000010c7bbed8 chromedriver + 4382424\nE       17  chromedriver                        0x000000010c7bc05f chromedriver + 4382815\nE       18  chromedriver                        0x000000010c7d28d5 chromedriver + 4475093\nE       19  libsystem_pthread.dylib             0x00007ff81e8174e1 _pthread_start + 125\nE       20  libsystem_pthread.dylib             0x00007ff81e812f6b thread_start + 15\n\n/Library/Frameworks/Python.framework/Versions/3.10/lib/python3.10/site-packages/selenium/webdriver/support/wait.py:89: TimeoutException\n", "test_name": "test_user_guess[112121]", "rerun": "0"}, "63": {"status": "PASS", "message": "", "test_name": "test_user_guess[gongping123]", "rerun": "0"}, "64": {"status": "PASS", "message": "", "test_name": "test_user_guess[mlk0533]", "rerun": "0"}, "65": {"status": "PASS", "message": "", "test_name": "test_user_guess[qqbbaiwo0624]", "rerun": "0"}, "66": {"status": "PASS", "message": "", "test_name": "test_user_guess[deng35741859]", "rerun": "0"}, "67": {"status": "FAIL", "message": "   selenium.common.exceptions.StaleElementReferenceException: Message: stale element reference: element is not attached to the page document\n     (Session info: chrome=103.0.5060.53)\n   Stacktrace:\n   0   chromedriver                        0x000000010c7cb079 chromedriver + 4444281\n   1   chromedriver                        0x000000010c757403 chromedriver + 3970051\n   2   chromedriver                        0x000000010c3f2038 chromedriver + 409656\n   3   chromedriver                        0x000000010c3f4ee7 chromedriver + 421607\n   4   chromedriver                        0x000000010c3f4d86 chromedriver + 421254\n   5   chromedriver                        0x000000010c3f504c chromedriver + 421964\n   6   chromedriver                        0x000000010c4234c5 chromedriver + 611525\n   7   chromedriver                        0x000000010c445792 chromedriver + 751506\n   8   chromedriver                        0x000000010c41cf65 chromedriver + 585573\n   9   chromedriver                        0x000000010c44589e chromedriver + 751774\n   10  chromedriver                        0x000000010c458221 chromedriver + 827937\n   11  chromedriver                        0x000000010c445683 chromedriver + 751235\n   12  chromedriver                        0x000000010c41ba45 chromedriver + 580165\n   13  chromedriver                        0x000000010c41ca95 chromedriver + 584341\n   14  chromedriver                        0x000000010c79c55d chromedriver + 4253021\n   15  chromedriver                        0x000000010c7a13a1 chromedriver + 4273057\n   16  chromedriver                        0x000000010c7a616f chromedriver + 4292975\n   17  chromedriver                        0x000000010c7a1dea chromedriver + 4275690\n   18  chromedriver                        0x000000010c77b54f chromedriver + 4117839\n   19  chromedriver                        0x000000010c7bbed8 chromedriver + 4382424\n   20  chromedriver                        0x000000010c7bc05f chromedriver + 4382815\n   21  chromedriver                        0x000000010c7d28d5 chromedriver + 4475093\n   22  libsystem_pthread.dylib             0x00007ff81e8174e1 _pthread_start + 125\n   23  libsystem_pthread.dylib             0x00007ff81e812f6b thread_start + 15\n", "test_name": "test_user_guess[liumeili88]", "rerun": "0"}, "68": {"status": "FAIL", "message": "   selenium.common.exceptions.StaleElementReferenceException: Message: stale element reference: element is not attached to the page document\n     (Session info: chrome=103.0.5060.53)\n   Stacktrace:\n   0   chromedriver                        0x000000010c7cb079 chromedriver + 4444281\n   1   chromedriver                        0x000000010c757403 chromedriver + 3970051\n   2   chromedriver                        0x000000010c3f2038 chromedriver + 409656\n   3   chromedriver                        0x000000010c3f4ee7 chromedriver + 421607\n   4   chromedriver                        0x000000010c3f4d86 chromedriver + 421254\n   5   chromedriver                        0x000000010c3f504c chromedriver + 421964\n   6   chromedriver                        0x000000010c42cf33 chromedriver + 651059\n   7   chromedriver                        0x000000010c42ac24 chromedriver + 642084\n   8   chromedriver                        0x000000010c429885 chromedriver + 637061\n   9   chromedriver                        0x000000010c41d6a9 chromedriver + 587433\n   10  chromedriver                        0x000000010c445792 chromedriver + 751506\n   11  chromedriver                        0x000000010c41cf65 chromedriver + 585573\n   12  chromedriver                        0x000000010c44589e chromedriver + 751774\n   13  chromedriver                        0x000000010c458221 chromedriver + 827937\n   14  chromedriver                        0x000000010c445683 chromedriver + 751235\n   15  chromedriver                        0x000000010c41ba45 chromedriver + 580165\n   16  chromedriver                        0x000000010c41ca95 chromedriver + 584341\n   17  chromedriver                        0x000000010c79c55d chromedriver + 4253021\n   18  chromedriver                        0x000000010c7a13a1 chromedriver + 4273057\n   19  chromedriver                        0x000000010c7a616f chromedriver + 4292975\n   20  chromedriver                        0x000000010c7a1dea chromedriver + 4275690\n   21  chromedriver                        0x000000010c77b54f chromedriver + 4117839\n   22  chromedriver                        0x000000010c7bbed8 chromedriver + 4382424\n   23  chromedriver                        0x000000010c7bc05f chromedriver + 4382815\n   24  chromedriver                        0x000000010c7d28d5 chromedriver + 4475093\n   25  libsystem_pthread.dylib             0x00007ff81e8174e1 _pthread_start + 125\n   26  libsystem_pthread.dylib             0x00007ff81e812f6b thread_start + 15\n", "test_name": "test_user_guess[cwj1987]", "rerun": "0"}, "69": {"status": "PASS", "message": "", "test_name": "test_user_guess[wayne]", "rerun": "0"}, "70": {"status": "PASS", "message": "", "test_name": "test_user_guess[zhangxin7788]", "rerun": "0"}, "71": {"status": "ERROR", "message": "driver = <common.wc_web.wc_web object at 0x1243a85e0>, request = <SubRequest 'game_page' for <Function test_user_guess[3164237630]>>\n\n    @pytest.fixture(scope='function',params = test_account)\n    def game_page(driver,request):\n    \tdriver.login_flow()\n>   \tdriver.send_accounts(request.param)\n\ntest_guess_sign_in.py:20: \n_ _ _ _ _ _ _ _ _ _ _ _ _ _ _ _ _ _ _ _ _ _ _ _ _ _ _ _ _ _ _ _ _ _ _ _ _ _ _ _ _ _ _ _ _ _ _ _ _ _ _ _ _ _ _ _ _ _ _ _ _ _ _ _ _ _ _ _ _ _ _ _ _ _ _ _ _ _ _ _ _ _ _ _ _ _ _ _ _ _ _ _ _ _ _ _ _ _ _ _ _ _ _ _\n../common/web.py:98: in send_accounts\n    account_input = self.waiter.until(EC.visibility_of_element_located((By.ID, \"username\")))\n_ _ _ _ _ _ _ _ _ _ _ _ _ _ _ _ _ _ _ _ _ _ _ _ _ _ _ _ _ _ _ _ _ _ _ _ _ _ _ _ _ _ _ _ _ _ _ _ _ _ _ _ _ _ _ _ _ _ _ _ _ _ _ _ _ _ _ _ _ _ _ _ _ _ _ _ _ _ _ _ _ _ _ _ _ _ _ _ _ _ _ _ _ _ _ _ _ _ _ _ _ _ _ _\n\nself = <selenium.webdriver.support.wait.WebDriverWait (session=\"d6fcc1b451b3c9532775a4f7072b9619\")>, method = <function visibility_of_element_located.<locals>._predicate at 0x124599bd0>, message = ''\n\n    def until(self, method, message=''):\n        \"\"\"Calls the method provided with the driver as an argument until the \\\n        return value does not evaluate to ``False``.\n    \n        :param method: callable(WebDriver)\n        :param message: optional message for :exc:`TimeoutException`\n        :returns: the result of the last call to `method`\n        :raises: :exc:`selenium.common.exceptions.TimeoutException` if timeout occurs\n        \"\"\"\n        screen = None\n        stacktrace = None\n    \n        end_time = time.time() + self._timeout\n        while True:\n            try:\n                value = method(self._driver)\n                if value:\n                    return value\n            except InvalidSelectorException as e:\n                raise e\n            except self._ignored_exceptions as exc:\n                screen = getattr(exc, 'screen', None)\n                stacktrace = getattr(exc, 'stacktrace', None)\n            time.sleep(self._poll)\n            if time.time() > end_time:\n                break\n>       raise TimeoutException(message, screen, stacktrace)\nE       selenium.common.exceptions.TimeoutException: Message: \nE       Stacktrace:\nE       0   chromedriver                        0x000000010c7cb079 chromedriver + 4444281\nE       1   chromedriver                        0x000000010c757403 chromedriver + 3970051\nE       2   chromedriver                        0x000000010c3f2038 chromedriver + 409656\nE       3   chromedriver                        0x000000010c4282fd chromedriver + 631549\nE       4   chromedriver                        0x000000010c428581 chromedriver + 632193\nE       5   chromedriver                        0x000000010c45a4f4 chromedriver + 836852\nE       6   chromedriver                        0x000000010c4457bd chromedriver + 751549\nE       7   chromedriver                        0x000000010c458221 chromedriver + 827937\nE       8   chromedriver                        0x000000010c445683 chromedriver + 751235\nE       9   chromedriver                        0x000000010c41ba45 chromedriver + 580165\nE       10  chromedriver                        0x000000010c41ca95 chromedriver + 584341\nE       11  chromedriver                        0x000000010c79c55d chromedriver + 4253021\nE       12  chromedriver                        0x000000010c7a13a1 chromedriver + 4273057\nE       13  chromedriver                        0x000000010c7a616f chromedriver + 4292975\nE       14  chromedriver                        0x000000010c7a1dea chromedriver + 4275690\nE       15  chromedriver                        0x000000010c77b54f chromedriver + 4117839\nE       16  chromedriver                        0x000000010c7bbed8 chromedriver + 4382424\nE       17  chromedriver                        0x000000010c7bc05f chromedriver + 4382815\nE       18  chromedriver                        0x000000010c7d28d5 chromedriver + 4475093\nE       19  libsystem_pthread.dylib             0x00007ff81e8174e1 _pthread_start + 125\nE       20  libsystem_pthread.dylib             0x00007ff81e812f6b thread_start + 15\n\n/Library/Frameworks/Python.framework/Versions/3.10/lib/python3.10/site-packages/selenium/webdriver/support/wait.py:89: TimeoutException\n", "test_name": "test_user_guess[3164237630]", "rerun": "0"}, "72": {"status": "FAIL", "message": "   selenium.common.exceptions.TimeoutException: Message: \n   Stacktrace:\n   0   chromedriver                        0x000000010c7cb079 chromedriver + 4444281\n   1   chromedriver                        0x000000010c757403 chromedriver + 3970051\n   2   chromedriver                        0x000000010c3f2038 chromedriver + 409656\n   3   chromedriver                        0x000000010c4282fd chromedriver + 631549\n   4   chromedriver                        0x000000010c428581 chromedriver + 632193\n   5   chromedriver                        0x000000010c45a4f4 chromedriver + 836852\n   6   chromedriver                        0x000000010c4457bd chromedriver + 751549\n   7   chromedriver                        0x000000010c458221 chromedriver + 827937\n   8   chromedriver                        0x000000010c445683 chromedriver + 751235\n   9   chromedriver                        0x000000010c41ba45 chromedriver + 580165\n   10  chromedriver                        0x000000010c41ca95 chromedriver + 584341\n   11  chromedriver                        0x000000010c79c55d chromedriver + 4253021\n   12  chromedriver                        0x000000010c7a13a1 chromedriver + 4273057\n   13  chromedriver                        0x000000010c7a616f chromedriver + 4292975\n   14  chromedriver                        0x000000010c7a1dea chromedriver + 4275690\n   15  chromedriver                        0x000000010c77b54f chromedriver + 4117839\n   16  chromedriver                        0x000000010c7bbed8 chromedriver + 4382424\n   17  chromedriver                        0x000000010c7bc05f chromedriver + 4382815\n   18  chromedriver                        0x000000010c7d28d5 chromedriver + 4475093\n   19  libsystem_pthread.dylib             0x00007ff81e8174e1 _pthread_start + 125\n   20  libsystem_pthread.dylib             0x00007ff81e812f6b thread_start + 15\n", "test_name": "test_user_guess[wang1216]", "rerun": "0"}, "73": {"status": "PASS", "message": "", "test_name": "test_user_guess[laonigehu]", "rerun": "0"}, "74": {"status": "FAIL", "message": "   selenium.common.exceptions.StaleElementReferenceException: Message: stale element reference: element is not attached to the page document\n     (Session info: chrome=103.0.5060.53)\n   Stacktrace:\n   0   chromedriver                        0x000000010c7cb079 chromedriver + 4444281\n   1   chromedriver                        0x000000010c757403 chromedriver + 3970051\n   2   chromedriver                        0x000000010c3f2038 chromedriver + 409656\n   3   chromedriver                        0x000000010c3f4ee7 chromedriver + 421607\n   4   chromedriver                        0x000000010c3f4d86 chromedriver + 421254\n   5   chromedriver                        0x000000010c3f504c chromedriver + 421964\n   6   chromedriver                        0x000000010c429f65 chromedriver + 638821\n   7   chromedriver                        0x000000010c41d5a6 chromedriver + 587174\n   8   chromedriver                        0x000000010c445792 chromedriver + 751506\n   9   chromedriver                        0x000000010c41cf65 chromedriver + 585573\n   10  chromedriver                        0x000000010c44589e chromedriver + 751774\n   11  chromedriver                        0x000000010c458221 chromedriver + 827937\n   12  chromedriver                        0x000000010c445683 chromedriver + 751235\n   13  chromedriver                        0x000000010c41ba45 chromedriver + 580165\n   14  chromedriver                        0x000000010c41ca95 chromedriver + 584341\n   15  chromedriver                        0x000000010c79c55d chromedriver + 4253021\n   16  chromedriver                        0x000000010c7a13a1 chromedriver + 4273057\n   17  chromedriver                        0x000000010c7a616f chromedriver + 4292975\n   18  chromedriver                        0x000000010c7a1dea chromedriver + 4275690\n   19  chromedriver                        0x000000010c77b54f chromedriver + 4117839\n   20  chromedriver                        0x000000010c7bbed8 chromedriver + 4382424\n   21  chromedriver                        0x000000010c7bc05f chromedriver + 4382815\n   22  chromedriver                        0x000000010c7d28d5 chromedriver + 4475093\n   23  libsystem_pthread.dylib             0x00007ff81e8174e1 _pthread_start + 125\n   24  libsystem_pthread.dylib             0x00007ff81e812f6b thread_start + 15\n", "test_name": "test_user_guess[bin7724476]", "rerun": "0"}, "75": {"status": "FAIL", "message": "   selenium.common.exceptions.StaleElementReferenceException: Message: stale element reference: element is not attached to the page document\n     (Session info: chrome=103.0.5060.53)\n   Stacktrace:\n   0   chromedriver                        0x000000010c7cb079 chromedriver + 4444281\n   1   chromedriver                        0x000000010c757403 chromedriver + 3970051\n   2   chromedriver                        0x000000010c3f2038 chromedriver + 409656\n   3   chromedriver                        0x000000010c3f4ee7 chromedriver + 421607\n   4   chromedriver                        0x000000010c3f4d86 chromedriver + 421254\n   5   chromedriver                        0x000000010c3f504c chromedriver + 421964\n   6   chromedriver                        0x000000010c42a824 chromedriver + 641060\n   7   chromedriver                        0x000000010c429419 chromedriver + 635929\n   8   chromedriver                        0x000000010c41d6a9 chromedriver + 587433\n   9   chromedriver                        0x000000010c445792 chromedriver + 751506\n   10  chromedriver                        0x000000010c41cf65 chromedriver + 585573\n   11  chromedriver                        0x000000010c44589e chromedriver + 751774\n   12  chromedriver                        0x000000010c458221 chromedriver + 827937\n   13  chromedriver                        0x000000010c445683 chromedriver + 751235\n   14  chromedriver                        0x000000010c41ba45 chromedriver + 580165\n   15  chromedriver                        0x000000010c41ca95 chromedriver + 584341\n   16  chromedriver                        0x000000010c79c55d chromedriver + 4253021\n   17  chromedriver                        0x000000010c7a13a1 chromedriver + 4273057\n   18  chromedriver                        0x000000010c7a616f chromedriver + 4292975\n   19  chromedriver                        0x000000010c7a1dea chromedriver + 4275690\n   20  chromedriver                        0x000000010c77b54f chromedriver + 4117839\n   21  chromedriver                        0x000000010c7bbed8 chromedriver + 4382424\n   22  chromedriver                        0x000000010c7bc05f chromedriver + 4382815\n   23  chromedriver                        0x000000010c7d28d5 chromedriver + 4475093\n   24  libsystem_pthread.dylib             0x00007ff81e8174e1 _pthread_start + 125\n   25  libsystem_pthread.dylib             0x00007ff81e812f6b thread_start + 15\n", "test_name": "test_user_guess[longteng1688]", "rerun": "0"}, "76": {"status": "FAIL", "message": "   selenium.common.exceptions.StaleElementReferenceException: Message: stale element reference: element is not attached to the page document\n     (Session info: chrome=103.0.5060.53)\n   Stacktrace:\n   0   chromedriver                        0x000000010c7cb079 chromedriver + 4444281\n   1   chromedriver                        0x000000010c757403 chromedriver + 3970051\n   2   chromedriver                        0x000000010c3f2038 chromedriver + 409656\n   3   chromedriver                        0x000000010c3f4ee7 chromedriver + 421607\n   4   chromedriver                        0x000000010c3f4d86 chromedriver + 421254\n   5   chromedriver                        0x000000010c3f504c chromedriver + 421964\n   6   chromedriver                        0x000000010c42cf33 chromedriver + 651059\n   7   chromedriver                        0x000000010c42ac24 chromedriver + 642084\n   8   chromedriver                        0x000000010c429885 chromedriver + 637061\n   9   chromedriver                        0x000000010c41d6a9 chromedriver + 587433\n   10  chromedriver                        0x000000010c445792 chromedriver + 751506\n   11  chromedriver                        0x000000010c41cf65 chromedriver + 585573\n   12  chromedriver                        0x000000010c44589e chromedriver + 751774\n   13  chromedriver                        0x000000010c458221 chromedriver + 827937\n   14  chromedriver                        0x000000010c445683 chromedriver + 751235\n   15  chromedriver                        0x000000010c41ba45 chromedriver + 580165\n   16  chromedriver                        0x000000010c41ca95 chromedriver + 584341\n   17  chromedriver                        0x000000010c79c55d chromedriver + 4253021\n   18  chromedriver                        0x000000010c7a13a1 chromedriver + 4273057\n   19  chromedriver                        0x000000010c7a616f chromedriver + 4292975\n   20  chromedriver                        0x000000010c7a1dea chromedriver + 4275690\n   21  chromedriver                        0x000000010c77b54f chromedriver + 4117839\n   22  chromedriver                        0x000000010c7bbed8 chromedriver + 4382424\n   23  chromedriver                        0x000000010c7bc05f chromedriver + 4382815\n   24  chromedriver                        0x000000010c7d28d5 chromedriver + 4475093\n   25  libsystem_pthread.dylib             0x00007ff81e8174e1 _pthread_start + 125\n   26  libsystem_pthread.dylib             0x00007ff81e812f6b thread_start + 15\n", "test_name": "test_user_guess[weihong1029]", "rerun": "0"}, "77": {"status": "PASS", "message": "", "test_name": "test_user_guess[xwx740223]", "rerun": "0"}, "78": {"status": "PASS", "message": "", "test_name": "test_user_guess[hsj1469958]", "rerun": "0"}, "79": {"status": "PASS", "message": "", "test_name": "test_user_guess[jiangan511]", "rerun": "0"}, "80": {"status": "FAIL", "message": "   selenium.common.exceptions.StaleElementReferenceException: Message: stale element reference: element is not attached to the page document\n     (Session info: chrome=103.0.5060.53)\n   Stacktrace:\n   0   chromedriver                        0x000000010c7cb079 chromedriver + 4444281\n   1   chromedriver                        0x000000010c757403 chromedriver + 3970051\n   2   chromedriver                        0x000000010c3f2038 chromedriver + 409656\n   3   chromedriver                        0x000000010c3f4ee7 chromedriver + 421607\n   4   chromedriver                        0x000000010c3f4d86 chromedriver + 421254\n   5   chromedriver                        0x000000010c3f504c chromedriver + 421964\n   6   chromedriver                        0x000000010c429f65 chromedriver + 638821\n   7   chromedriver                        0x000000010c41d5a6 chromedriver + 587174\n   8   chromedriver                        0x000000010c445792 chromedriver + 751506\n   9   chromedriver                        0x000000010c41cf65 chromedriver + 585573\n   10  chromedriver                        0x000000010c44589e chromedriver + 751774\n   11  chromedriver                        0x000000010c458221 chromedriver + 827937\n   12  chromedriver                        0x000000010c445683 chromedriver + 751235\n   13  chromedriver                        0x000000010c41ba45 chromedriver + 580165\n   14  chromedriver                        0x000000010c41ca95 chromedriver + 584341\n   15  chromedriver                        0x000000010c79c55d chromedriver + 4253021\n   16  chromedriver                        0x000000010c7a13a1 chromedriver + 4273057\n   17  chromedriver                        0x000000010c7a616f chromedriver + 4292975\n   18  chromedriver                        0x000000010c7a1dea chromedriver + 4275690\n   19  chromedriver                        0x000000010c77b54f chromedriver + 4117839\n   20  chromedriver                        0x000000010c7bbed8 chromedriver + 4382424\n   21  chromedriver                        0x000000010c7bc05f chromedriver + 4382815\n   22  chromedriver                        0x000000010c7d28d5 chromedriver + 4475093\n   23  libsystem_pthread.dylib             0x00007ff81e8174e1 _pthread_start + 125\n   24  libsystem_pthread.dylib             0x00007ff81e812f6b thread_start + 15\n", "test_name": "test_user_guess[zhy55161]", "rerun": "0"}, "81": {"status": "FAIL", "message": "   selenium.common.exceptions.StaleElementReferenceException: Message: stale element reference: element is not attached to the page document\n     (Session info: chrome=103.0.5060.53)\n   Stacktrace:\n   0   chromedriver                        0x000000010c7cb079 chromedriver + 4444281\n   1   chromedriver                        0x000000010c757403 chromedriver + 3970051\n   2   chromedriver                        0x000000010c3f2038 chromedriver + 409656\n   3   chromedriver                        0x000000010c3f4ee7 chromedriver + 421607\n   4   chromedriver                        0x000000010c3f4d86 chromedriver + 421254\n   5   chromedriver                        0x000000010c3f504c chromedriver + 421964\n   6   chromedriver                        0x000000010c4234c5 chromedriver + 611525\n   7   chromedriver                        0x000000010c445792 chromedriver + 751506\n   8   chromedriver                        0x000000010c41cf65 chromedriver + 585573\n   9   chromedriver                        0x000000010c44589e chromedriver + 751774\n   10  chromedriver                        0x000000010c458221 chromedriver + 827937\n   11  chromedriver                        0x000000010c445683 chromedriver + 751235\n   12  chromedriver                        0x000000010c41ba45 chromedriver + 580165\n   13  chromedriver                        0x000000010c41ca95 chromedriver + 584341\n   14  chromedriver                        0x000000010c79c55d chromedriver + 4253021\n   15  chromedriver                        0x000000010c7a13a1 chromedriver + 4273057\n   16  chromedriver                        0x000000010c7a616f chromedriver + 4292975\n   17  chromedriver                        0x000000010c7a1dea chromedriver + 4275690\n   18  chromedriver                        0x000000010c77b54f chromedriver + 4117839\n   19  chromedriver                        0x000000010c7bbed8 chromedriver + 4382424\n   20  chromedriver                        0x000000010c7bc05f chromedriver + 4382815\n   21  chromedriver                        0x000000010c7d28d5 chromedriver + 4475093\n   22  libsystem_pthread.dylib             0x00007ff81e8174e1 _pthread_start + 125\n   23  libsystem_pthread.dylib             0x00007ff81e812f6b thread_start + 15\n", "test_name": "test_user_guess[g20140258]", "rerun": "0"}, "82": {"status": "PASS", "message": "", "test_name": "test_user_guess[sm20140312]", "rerun": "0"}}, "suite_name": "test_guess_sign_in.py"}}}, "date": "October 13, 2022", "start_time": 1665648008.418093, "total_suite": 1, "status": "FAIL", "status_list": {"pass": "56", "fail": "13", "skip": "0", "error": "14", "xpass": "0", "xfail": "0", "rerun": "0"}, "total_tests": "83"}